Warning: Design 'mat_scan' has '1' unresolved references. For more detailed information, use the "link" command. (UID-341)
 
****************************************
Report : constraint
        -all_violators
        -verbose
Design : mat_scan
Version: O-2018.06-SP1
Date   : Wed Jan  3 23:27:57 2024
****************************************


    Net: vld_out

    max_capacitance        1.71
  - Capacitance            2.00
  ------------------------------
    Slack                 -0.29  (VIOLATED)


    Design: mat_scan

    max_area               0.00
  - Current Area         718.00
  ------------------------------
    Slack               -718.00  (VIOLATED)


1
