Loading db file '/home/ICer/library/typical.db'
Information: Propagating switching activity (low effort zero delay simulation). (PWR-6)
Warning: Design has unannotated primary inputs. (PWR-414)
Warning: Design has unannotated sequential cell outputs. (PWR-415)
Warning: Design has unannotated black box outputs. (PWR-428)
 
****************************************
Report : power
        -analysis_effort low
Design : mat_scan
Version: O-2018.06-SP1
Date   : Wed Jan  3 23:27:58 2024
****************************************


Library(s) Used:

    typical (File: /home/ICer/library/typical.db)


Operating Conditions: typical   Library: typical
Wire Load Model Mode: top


Global Operating Voltage = 1.2  
Power-specific unit information :
    Voltage Units = 1V
    Capacitance Units = 1.000000pf
    Time Units = 1ns
    Dynamic Power Units = 1mW    (derived from V,C,T units)
    Leakage Power Units = 1pW


  Cell Internal Power  =   2.3530 uW   (13%)
  Net Switching Power  =  15.8761 uW   (87%)
                         ---------
Total Dynamic Power    =  18.2290 uW  (100%)

Cell Leakage Power     = 153.2324 nW


                 Internal         Switching           Leakage            Total
Power Group      Power            Power               Power              Power   (   %    )  Attrs
--------------------------------------------------------------------------------------------------
io_pad             0.0000            0.0000            0.0000            0.0000  (   0.00%)
memory             0.0000            0.0000            0.0000            0.0000  (   0.00%)
black_box          0.0000            0.0000            0.0000            0.0000  (   0.00%)
clock_network  2.9410e-04        1.4708e-02        6.1793e+04        1.5064e-02  (  81.95%)
register       2.0423e-03        7.0297e-05        8.9176e+04        2.2017e-03  (  11.98%)
sequential         0.0000            0.0000            0.0000            0.0000  (   0.00%)
combinational  1.6608e-05        1.0973e-03        2.2633e+03        1.1162e-03  (   6.07%)
--------------------------------------------------------------------------------------------------
Total          2.3530e-03 mW     1.5876e-02 mW     1.5323e+05 pW     1.8382e-02 mW
1
