 
****************************************
Report : area
Design : mul_tc_16_16
Version: O-2018.06-SP1
Date   : Sat Dec  9 23:19:36 2023
****************************************

Library(s) Used:

    typical (File: /home/ICer/library/typical.db)

Number of ports:                         3427
Number of nets:                          4778
Number of cells:                         1726
Number of combinational cells:           1447
Number of sequential cells:                 1
Number of macros/black boxes:               0
Number of buf/inv:                        208
Number of references:                       2

Combinational area:              14229.303982
Buf/Inv area:                     1317.182398
Noncombinational area:               0.000000
Macro/Black Box area:                0.000000
Net Interconnect area:      undefined  (No wire load specified)

Total cell area:                 14229.303982
Total area:                 undefined
1
