 
****************************************
check_design summary:
Version:     O-2018.06-SP1
Date:        Sat Dec  9 23:19:36 2023
****************************************

                   Name                                            Total
--------------------------------------------------------------------------------
Inputs/Outputs                                                    176
    Shorted outputs (LINT-31)                                     176

Cells                                                               1
    Connected to power or ground (LINT-32)                          1
--------------------------------------------------------------------------------

Warning: In design 'booth', output port 'prod_1[1]' is connected directly to output port 'c[1]'. (LINT-31)
Warning: In design 'booth', output port 'prod_1[1]' is connected directly to output port 'prod_1[0]'. (LINT-31)
Warning: In design 'booth', output port 'prod_2[3]' is connected directly to output port 'c[2]'. (LINT-31)
Warning: In design 'booth', output port 'prod_2[3]' is connected directly to output port 'prod_2[0]'. (LINT-31)
Warning: In design 'booth', output port 'prod_2[3]' is connected directly to output port 'prod_2[1]'. (LINT-31)
Warning: In design 'booth', output port 'prod_2[3]' is connected directly to output port 'prod_2[2]'. (LINT-31)
Warning: In design 'booth', output port 'prod_3[5]' is connected directly to output port 'c[3]'. (LINT-31)
Warning: In design 'booth', output port 'prod_3[5]' is connected directly to output port 'prod_3[0]'. (LINT-31)
Warning: In design 'booth', output port 'prod_3[5]' is connected directly to output port 'prod_3[1]'. (LINT-31)
Warning: In design 'booth', output port 'prod_3[5]' is connected directly to output port 'prod_3[2]'. (LINT-31)
Warning: In design 'booth', output port 'prod_3[5]' is connected directly to output port 'prod_3[3]'. (LINT-31)
Warning: In design 'booth', output port 'prod_3[5]' is connected directly to output port 'prod_3[4]'. (LINT-31)
Warning: In design 'booth', output port 'prod_4[7]' is connected directly to output port 'c[4]'. (LINT-31)
Warning: In design 'booth', output port 'prod_4[7]' is connected directly to output port 'prod_4[0]'. (LINT-31)
Warning: In design 'booth', output port 'prod_4[7]' is connected directly to output port 'prod_4[1]'. (LINT-31)
Warning: In design 'booth', output port 'prod_4[7]' is connected directly to output port 'prod_4[2]'. (LINT-31)
Warning: In design 'booth', output port 'prod_4[7]' is connected directly to output port 'prod_4[3]'. (LINT-31)
Warning: In design 'booth', output port 'prod_4[7]' is connected directly to output port 'prod_4[4]'. (LINT-31)
Warning: In design 'booth', output port 'prod_4[7]' is connected directly to output port 'prod_4[5]'. (LINT-31)
Warning: In design 'booth', output port 'prod_4[7]' is connected directly to output port 'prod_4[6]'. (LINT-31)
Warning: In design 'booth', output port 'prod_5[9]' is connected directly to output port 'c[5]'. (LINT-31)
Warning: In design 'booth', output port 'prod_5[9]' is connected directly to output port 'prod_5[0]'. (LINT-31)
Warning: In design 'booth', output port 'prod_5[9]' is connected directly to output port 'prod_5[1]'. (LINT-31)
Warning: In design 'booth', output port 'prod_5[9]' is connected directly to output port 'prod_5[2]'. (LINT-31)
Warning: In design 'booth', output port 'prod_5[9]' is connected directly to output port 'prod_5[3]'. (LINT-31)
Warning: In design 'booth', output port 'prod_5[9]' is connected directly to output port 'prod_5[4]'. (LINT-31)
Warning: In design 'booth', output port 'prod_5[9]' is connected directly to output port 'prod_5[5]'. (LINT-31)
Warning: In design 'booth', output port 'prod_5[9]' is connected directly to output port 'prod_5[6]'. (LINT-31)
Warning: In design 'booth', output port 'prod_5[9]' is connected directly to output port 'prod_5[7]'. (LINT-31)
Warning: In design 'booth', output port 'prod_5[9]' is connected directly to output port 'prod_5[8]'. (LINT-31)
Warning: In design 'booth', output port 'prod_6[11]' is connected directly to output port 'c[6]'. (LINT-31)
Warning: In design 'booth', output port 'prod_6[11]' is connected directly to output port 'prod_6[0]'. (LINT-31)
Warning: In design 'booth', output port 'prod_6[11]' is connected directly to output port 'prod_6[1]'. (LINT-31)
Warning: In design 'booth', output port 'prod_6[11]' is connected directly to output port 'prod_6[2]'. (LINT-31)
Warning: In design 'booth', output port 'prod_6[11]' is connected directly to output port 'prod_6[3]'. (LINT-31)
Warning: In design 'booth', output port 'prod_6[11]' is connected directly to output port 'prod_6[4]'. (LINT-31)
Warning: In design 'booth', output port 'prod_6[11]' is connected directly to output port 'prod_6[5]'. (LINT-31)
Warning: In design 'booth', output port 'prod_6[11]' is connected directly to output port 'prod_6[6]'. (LINT-31)
Warning: In design 'booth', output port 'prod_6[11]' is connected directly to output port 'prod_6[7]'. (LINT-31)
Warning: In design 'booth', output port 'prod_6[11]' is connected directly to output port 'prod_6[8]'. (LINT-31)
Warning: In design 'booth', output port 'prod_6[11]' is connected directly to output port 'prod_6[9]'. (LINT-31)
Warning: In design 'booth', output port 'prod_6[11]' is connected directly to output port 'prod_6[10]'. (LINT-31)
Warning: In design 'booth', output port 'prod_7[13]' is connected directly to output port 'c[7]'. (LINT-31)
Warning: In design 'booth', output port 'prod_7[13]' is connected directly to output port 'prod_7[0]'. (LINT-31)
Warning: In design 'booth', output port 'prod_7[13]' is connected directly to output port 'prod_7[1]'. (LINT-31)
Warning: In design 'booth', output port 'prod_7[13]' is connected directly to output port 'prod_7[2]'. (LINT-31)
Warning: In design 'booth', output port 'prod_7[13]' is connected directly to output port 'prod_7[3]'. (LINT-31)
Warning: In design 'booth', output port 'prod_7[13]' is connected directly to output port 'prod_7[4]'. (LINT-31)
Warning: In design 'booth', output port 'prod_7[13]' is connected directly to output port 'prod_7[5]'. (LINT-31)
Warning: In design 'booth', output port 'prod_7[13]' is connected directly to output port 'prod_7[6]'. (LINT-31)
Warning: In design 'booth', output port 'prod_7[13]' is connected directly to output port 'prod_7[7]'. (LINT-31)
Warning: In design 'booth', output port 'prod_7[13]' is connected directly to output port 'prod_7[8]'. (LINT-31)
Warning: In design 'booth', output port 'prod_7[13]' is connected directly to output port 'prod_7[9]'. (LINT-31)
Warning: In design 'booth', output port 'prod_7[13]' is connected directly to output port 'prod_7[10]'. (LINT-31)
Warning: In design 'booth', output port 'prod_7[13]' is connected directly to output port 'prod_7[11]'. (LINT-31)
Warning: In design 'booth', output port 'prod_7[13]' is connected directly to output port 'prod_7[12]'. (LINT-31)
Warning: In design 'booth_code_7', output port 'prod_a[31]' is connected directly to output port 'prod_a[16]'. (LINT-31)
Warning: In design 'booth_code_7', output port 'prod_a[31]' is connected directly to output port 'prod_a[17]'. (LINT-31)
Warning: In design 'booth_code_7', output port 'prod_a[31]' is connected directly to output port 'prod_a[18]'. (LINT-31)
Warning: In design 'booth_code_7', output port 'prod_a[31]' is connected directly to output port 'prod_a[19]'. (LINT-31)
Warning: In design 'booth_code_7', output port 'prod_a[31]' is connected directly to output port 'prod_a[20]'. (LINT-31)
Warning: In design 'booth_code_7', output port 'prod_a[31]' is connected directly to output port 'prod_a[21]'. (LINT-31)
Warning: In design 'booth_code_7', output port 'prod_a[31]' is connected directly to output port 'prod_a[22]'. (LINT-31)
Warning: In design 'booth_code_7', output port 'prod_a[31]' is connected directly to output port 'prod_a[23]'. (LINT-31)
Warning: In design 'booth_code_7', output port 'prod_a[31]' is connected directly to output port 'prod_a[24]'. (LINT-31)
Warning: In design 'booth_code_7', output port 'prod_a[31]' is connected directly to output port 'prod_a[25]'. (LINT-31)
Warning: In design 'booth_code_7', output port 'prod_a[31]' is connected directly to output port 'prod_a[26]'. (LINT-31)
Warning: In design 'booth_code_7', output port 'prod_a[31]' is connected directly to output port 'prod_a[27]'. (LINT-31)
Warning: In design 'booth_code_7', output port 'prod_a[31]' is connected directly to output port 'prod_a[28]'. (LINT-31)
Warning: In design 'booth_code_7', output port 'prod_a[31]' is connected directly to output port 'prod_a[29]'. (LINT-31)
Warning: In design 'booth_code_7', output port 'prod_a[31]' is connected directly to output port 'prod_a[30]'. (LINT-31)
Warning: In design 'booth_code_6', output port 'prod_a[31]' is connected directly to output port 'prod_a[16]'. (LINT-31)
Warning: In design 'booth_code_6', output port 'prod_a[31]' is connected directly to output port 'prod_a[17]'. (LINT-31)
Warning: In design 'booth_code_6', output port 'prod_a[31]' is connected directly to output port 'prod_a[18]'. (LINT-31)
Warning: In design 'booth_code_6', output port 'prod_a[31]' is connected directly to output port 'prod_a[19]'. (LINT-31)
Warning: In design 'booth_code_6', output port 'prod_a[31]' is connected directly to output port 'prod_a[20]'. (LINT-31)
Warning: In design 'booth_code_6', output port 'prod_a[31]' is connected directly to output port 'prod_a[21]'. (LINT-31)
Warning: In design 'booth_code_6', output port 'prod_a[31]' is connected directly to output port 'prod_a[22]'. (LINT-31)
Warning: In design 'booth_code_6', output port 'prod_a[31]' is connected directly to output port 'prod_a[23]'. (LINT-31)
Warning: In design 'booth_code_6', output port 'prod_a[31]' is connected directly to output port 'prod_a[24]'. (LINT-31)
Warning: In design 'booth_code_6', output port 'prod_a[31]' is connected directly to output port 'prod_a[25]'. (LINT-31)
Warning: In design 'booth_code_6', output port 'prod_a[31]' is connected directly to output port 'prod_a[26]'. (LINT-31)
Warning: In design 'booth_code_6', output port 'prod_a[31]' is connected directly to output port 'prod_a[27]'. (LINT-31)
Warning: In design 'booth_code_6', output port 'prod_a[31]' is connected directly to output port 'prod_a[28]'. (LINT-31)
Warning: In design 'booth_code_6', output port 'prod_a[31]' is connected directly to output port 'prod_a[29]'. (LINT-31)
Warning: In design 'booth_code_6', output port 'prod_a[31]' is connected directly to output port 'prod_a[30]'. (LINT-31)
Warning: In design 'booth_code_4', output port 'prod_a[31]' is connected directly to output port 'prod_a[16]'. (LINT-31)
Warning: In design 'booth_code_4', output port 'prod_a[31]' is connected directly to output port 'prod_a[17]'. (LINT-31)
Warning: In design 'booth_code_4', output port 'prod_a[31]' is connected directly to output port 'prod_a[18]'. (LINT-31)
Warning: In design 'booth_code_4', output port 'prod_a[31]' is connected directly to output port 'prod_a[19]'. (LINT-31)
Warning: In design 'booth_code_4', output port 'prod_a[31]' is connected directly to output port 'prod_a[20]'. (LINT-31)
Warning: In design 'booth_code_4', output port 'prod_a[31]' is connected directly to output port 'prod_a[21]'. (LINT-31)
Warning: In design 'booth_code_4', output port 'prod_a[31]' is connected directly to output port 'prod_a[22]'. (LINT-31)
Warning: In design 'booth_code_4', output port 'prod_a[31]' is connected directly to output port 'prod_a[23]'. (LINT-31)
Warning: In design 'booth_code_4', output port 'prod_a[31]' is connected directly to output port 'prod_a[24]'. (LINT-31)
Warning: In design 'booth_code_4', output port 'prod_a[31]' is connected directly to output port 'prod_a[25]'. (LINT-31)
Warning: In design 'booth_code_4', output port 'prod_a[31]' is connected directly to output port 'prod_a[26]'. (LINT-31)
Warning: In design 'booth_code_4', output port 'prod_a[31]' is connected directly to output port 'prod_a[27]'. (LINT-31)
Warning: In design 'booth_code_4', output port 'prod_a[31]' is connected directly to output port 'prod_a[28]'. (LINT-31)
Warning: In design 'booth_code_4', output port 'prod_a[31]' is connected directly to output port 'prod_a[29]'. (LINT-31)
Warning: In design 'booth_code_4', output port 'prod_a[31]' is connected directly to output port 'prod_a[30]'. (LINT-31)
Warning: In design 'booth_code_0', output port 'prod_a[31]' is connected directly to output port 'prod_a[16]'. (LINT-31)
Warning: In design 'booth_code_0', output port 'prod_a[31]' is connected directly to output port 'prod_a[17]'. (LINT-31)
Warning: In design 'booth_code_0', output port 'prod_a[31]' is connected directly to output port 'prod_a[18]'. (LINT-31)
Warning: In design 'booth_code_0', output port 'prod_a[31]' is connected directly to output port 'prod_a[19]'. (LINT-31)
Warning: In design 'booth_code_0', output port 'prod_a[31]' is connected directly to output port 'prod_a[20]'. (LINT-31)
Warning: In design 'booth_code_0', output port 'prod_a[31]' is connected directly to output port 'prod_a[21]'. (LINT-31)
Warning: In design 'booth_code_0', output port 'prod_a[31]' is connected directly to output port 'prod_a[22]'. (LINT-31)
Warning: In design 'booth_code_0', output port 'prod_a[31]' is connected directly to output port 'prod_a[23]'. (LINT-31)
Warning: In design 'booth_code_0', output port 'prod_a[31]' is connected directly to output port 'prod_a[24]'. (LINT-31)
Warning: In design 'booth_code_0', output port 'prod_a[31]' is connected directly to output port 'prod_a[25]'. (LINT-31)
Warning: In design 'booth_code_0', output port 'prod_a[31]' is connected directly to output port 'prod_a[26]'. (LINT-31)
Warning: In design 'booth_code_0', output port 'prod_a[31]' is connected directly to output port 'prod_a[27]'. (LINT-31)
Warning: In design 'booth_code_0', output port 'prod_a[31]' is connected directly to output port 'prod_a[28]'. (LINT-31)
Warning: In design 'booth_code_0', output port 'prod_a[31]' is connected directly to output port 'prod_a[29]'. (LINT-31)
Warning: In design 'booth_code_0', output port 'prod_a[31]' is connected directly to output port 'prod_a[30]'. (LINT-31)
Warning: In design 'booth_code_1', output port 'prod_a[31]' is connected directly to output port 'prod_a[16]'. (LINT-31)
Warning: In design 'booth_code_1', output port 'prod_a[31]' is connected directly to output port 'prod_a[17]'. (LINT-31)
Warning: In design 'booth_code_1', output port 'prod_a[31]' is connected directly to output port 'prod_a[18]'. (LINT-31)
Warning: In design 'booth_code_1', output port 'prod_a[31]' is connected directly to output port 'prod_a[19]'. (LINT-31)
Warning: In design 'booth_code_1', output port 'prod_a[31]' is connected directly to output port 'prod_a[20]'. (LINT-31)
Warning: In design 'booth_code_1', output port 'prod_a[31]' is connected directly to output port 'prod_a[21]'. (LINT-31)
Warning: In design 'booth_code_1', output port 'prod_a[31]' is connected directly to output port 'prod_a[22]'. (LINT-31)
Warning: In design 'booth_code_1', output port 'prod_a[31]' is connected directly to output port 'prod_a[23]'. (LINT-31)
Warning: In design 'booth_code_1', output port 'prod_a[31]' is connected directly to output port 'prod_a[24]'. (LINT-31)
Warning: In design 'booth_code_1', output port 'prod_a[31]' is connected directly to output port 'prod_a[25]'. (LINT-31)
Warning: In design 'booth_code_1', output port 'prod_a[31]' is connected directly to output port 'prod_a[26]'. (LINT-31)
Warning: In design 'booth_code_1', output port 'prod_a[31]' is connected directly to output port 'prod_a[27]'. (LINT-31)
Warning: In design 'booth_code_1', output port 'prod_a[31]' is connected directly to output port 'prod_a[28]'. (LINT-31)
Warning: In design 'booth_code_1', output port 'prod_a[31]' is connected directly to output port 'prod_a[29]'. (LINT-31)
Warning: In design 'booth_code_1', output port 'prod_a[31]' is connected directly to output port 'prod_a[30]'. (LINT-31)
Warning: In design 'booth_code_2', output port 'prod_a[31]' is connected directly to output port 'prod_a[16]'. (LINT-31)
Warning: In design 'booth_code_2', output port 'prod_a[31]' is connected directly to output port 'prod_a[17]'. (LINT-31)
Warning: In design 'booth_code_2', output port 'prod_a[31]' is connected directly to output port 'prod_a[18]'. (LINT-31)
Warning: In design 'booth_code_2', output port 'prod_a[31]' is connected directly to output port 'prod_a[19]'. (LINT-31)
Warning: In design 'booth_code_2', output port 'prod_a[31]' is connected directly to output port 'prod_a[20]'. (LINT-31)
Warning: In design 'booth_code_2', output port 'prod_a[31]' is connected directly to output port 'prod_a[21]'. (LINT-31)
Warning: In design 'booth_code_2', output port 'prod_a[31]' is connected directly to output port 'prod_a[22]'. (LINT-31)
Warning: In design 'booth_code_2', output port 'prod_a[31]' is connected directly to output port 'prod_a[23]'. (LINT-31)
Warning: In design 'booth_code_2', output port 'prod_a[31]' is connected directly to output port 'prod_a[24]'. (LINT-31)
Warning: In design 'booth_code_2', output port 'prod_a[31]' is connected directly to output port 'prod_a[25]'. (LINT-31)
Warning: In design 'booth_code_2', output port 'prod_a[31]' is connected directly to output port 'prod_a[26]'. (LINT-31)
Warning: In design 'booth_code_2', output port 'prod_a[31]' is connected directly to output port 'prod_a[27]'. (LINT-31)
Warning: In design 'booth_code_2', output port 'prod_a[31]' is connected directly to output port 'prod_a[28]'. (LINT-31)
Warning: In design 'booth_code_2', output port 'prod_a[31]' is connected directly to output port 'prod_a[29]'. (LINT-31)
Warning: In design 'booth_code_2', output port 'prod_a[31]' is connected directly to output port 'prod_a[30]'. (LINT-31)
Warning: In design 'booth_code_3', output port 'prod_a[31]' is connected directly to output port 'prod_a[16]'. (LINT-31)
Warning: In design 'booth_code_3', output port 'prod_a[31]' is connected directly to output port 'prod_a[17]'. (LINT-31)
Warning: In design 'booth_code_3', output port 'prod_a[31]' is connected directly to output port 'prod_a[18]'. (LINT-31)
Warning: In design 'booth_code_3', output port 'prod_a[31]' is connected directly to output port 'prod_a[19]'. (LINT-31)
Warning: In design 'booth_code_3', output port 'prod_a[31]' is connected directly to output port 'prod_a[20]'. (LINT-31)
Warning: In design 'booth_code_3', output port 'prod_a[31]' is connected directly to output port 'prod_a[21]'. (LINT-31)
Warning: In design 'booth_code_3', output port 'prod_a[31]' is connected directly to output port 'prod_a[22]'. (LINT-31)
Warning: In design 'booth_code_3', output port 'prod_a[31]' is connected directly to output port 'prod_a[23]'. (LINT-31)
Warning: In design 'booth_code_3', output port 'prod_a[31]' is connected directly to output port 'prod_a[24]'. (LINT-31)
Warning: In design 'booth_code_3', output port 'prod_a[31]' is connected directly to output port 'prod_a[25]'. (LINT-31)
Warning: In design 'booth_code_3', output port 'prod_a[31]' is connected directly to output port 'prod_a[26]'. (LINT-31)
Warning: In design 'booth_code_3', output port 'prod_a[31]' is connected directly to output port 'prod_a[27]'. (LINT-31)
Warning: In design 'booth_code_3', output port 'prod_a[31]' is connected directly to output port 'prod_a[28]'. (LINT-31)
Warning: In design 'booth_code_3', output port 'prod_a[31]' is connected directly to output port 'prod_a[29]'. (LINT-31)
Warning: In design 'booth_code_3', output port 'prod_a[31]' is connected directly to output port 'prod_a[30]'. (LINT-31)
Warning: In design 'booth_code_5', output port 'prod_a[31]' is connected directly to output port 'prod_a[16]'. (LINT-31)
Warning: In design 'booth_code_5', output port 'prod_a[31]' is connected directly to output port 'prod_a[17]'. (LINT-31)
Warning: In design 'booth_code_5', output port 'prod_a[31]' is connected directly to output port 'prod_a[18]'. (LINT-31)
Warning: In design 'booth_code_5', output port 'prod_a[31]' is connected directly to output port 'prod_a[19]'. (LINT-31)
Warning: In design 'booth_code_5', output port 'prod_a[31]' is connected directly to output port 'prod_a[20]'. (LINT-31)
Warning: In design 'booth_code_5', output port 'prod_a[31]' is connected directly to output port 'prod_a[21]'. (LINT-31)
Warning: In design 'booth_code_5', output port 'prod_a[31]' is connected directly to output port 'prod_a[22]'. (LINT-31)
Warning: In design 'booth_code_5', output port 'prod_a[31]' is connected directly to output port 'prod_a[23]'. (LINT-31)
Warning: In design 'booth_code_5', output port 'prod_a[31]' is connected directly to output port 'prod_a[24]'. (LINT-31)
Warning: In design 'booth_code_5', output port 'prod_a[31]' is connected directly to output port 'prod_a[25]'. (LINT-31)
Warning: In design 'booth_code_5', output port 'prod_a[31]' is connected directly to output port 'prod_a[26]'. (LINT-31)
Warning: In design 'booth_code_5', output port 'prod_a[31]' is connected directly to output port 'prod_a[27]'. (LINT-31)
Warning: In design 'booth_code_5', output port 'prod_a[31]' is connected directly to output port 'prod_a[28]'. (LINT-31)
Warning: In design 'booth_code_5', output port 'prod_a[31]' is connected directly to output port 'prod_a[29]'. (LINT-31)
Warning: In design 'booth_code_5', output port 'prod_a[31]' is connected directly to output port 'prod_a[30]'. (LINT-31)
Warning: In design 'booth', a pin on submodule 'u_booth_code_0' is connected to logic 1 or logic 0. (LINT-32)
   Pin 'b_code[0]' is connected to logic 0. 
1
