# Preference setting overrides
gui_create_pref_key -category {Globals} -key {load_detail_for_funcov} -value_type {bool} -value {false}

# State setting overrides
gui_state_default_create -off -ini
gui_set_state_value -category Globals -key recent_databases -value {{gui_open_db -file vcdplus.vpd} {gui_open_db -file /home/ICer/homework/Verilog/ch3/vlsi/vcdplus.vpd -design V1}}
gui_set_state_value -category Layout -key child_console_size_x -value 2257
gui_set_state_value -category Layout -key child_console_size_y -value 176
gui_set_state_value -category Layout -key child_data_size_x -value 171
gui_set_state_value -category Layout -key child_data_size_y -value 1005
gui_set_state_value -category Layout -key child_hier_col3 -value {-1}
gui_set_state_value -category Layout -key child_hier_colpd -value 0
gui_set_state_value -category Layout -key child_hier_size_x -value 171
gui_set_state_value -category Layout -key child_hier_size_y -value 1005
gui_set_state_value -category Layout -key child_list_down -value 203
gui_set_state_value -category Layout -key child_list_right -value 444
gui_set_state_value -category Layout -key child_source_docknewline -value false
gui_set_state_value -category Layout -key child_source_pos_x -value {-2}
gui_set_state_value -category Layout -key child_source_pos_y -value {-15}
gui_set_state_value -category Layout -key child_source_size_x -value 1918
gui_set_state_value -category Layout -key child_source_size_y -value 1000
gui_set_state_value -category Layout -key child_watch_size_x -value 3137
gui_set_state_value -category Layout -key child_watch_size_y -value 178
gui_set_state_value -category Layout -key child_wave_colname -value 325
gui_set_state_value -category Layout -key child_wave_colvalue -value 325
gui_set_state_value -category Layout -key child_wave_left -value 655
gui_set_state_value -category Layout -key child_wave_right -value 1597
gui_set_state_value -category Layout -key main_pos_x -value 1
gui_set_state_value -category Layout -key main_pos_y -value 38
gui_set_state_value -category Layout -key main_size_x -value 2258
gui_set_state_value -category Layout -key main_size_y -value 1294
gui_set_state_value -category Layout -key stand_list_child_docknewline -value false
gui_set_state_value -category Layout -key stand_list_child_pos_x -value {-2}
gui_set_state_value -category Layout -key stand_list_child_pos_y -value {-15}
gui_set_state_value -category Layout -key stand_list_child_size_x -value 604
gui_set_state_value -category Layout -key stand_list_child_size_y -value 348
gui_set_state_value -category Layout -key stand_list_top_pos_y -value 65
gui_set_state_value -category Layout -key stand_list_top_size_x -value 1099
gui_set_state_value -category Layout -key stand_list_top_size_y -value 564
gui_set_state_value -category Layout -key stand_wave_child_docknewline -value false
gui_set_state_value -category Layout -key stand_wave_child_pos_x -value {-2}
gui_set_state_value -category Layout -key stand_wave_child_pos_y -value {-15}
gui_set_state_value -category Layout -key stand_wave_child_size_x -value 2262
gui_set_state_value -category Layout -key stand_wave_child_size_y -value 1176
gui_set_state_value -category Layout -key stand_wave_top_pos_x -value 60
gui_set_state_value -category Layout -key stand_wave_top_pos_y -value 66
gui_set_state_value -category Layout -key stand_wave_top_size_x -value 2317
gui_set_state_value -category Layout -key stand_wave_top_size_y -value 1322
gui_create_state_key -category FindDialog -key m_pMatchCase -value_type bool -value false
gui_create_state_key -category FindDialog -key m_pMatchWord -value_type bool -value false
gui_create_state_key -category FindDialog -key m_pUseCombo -value_type string -value {}
gui_create_state_key -category FindDialog -key m_pWrapAround -value_type bool -value true
gui_state_default_create -off

# Begin command logging
gui_open_db -file vcdplus.vpd
gui_list_select -id Data.1 -selected  { tb_dut.A   }
gui_list_select -id Data.1 -selected  { tb_dut.A  tb_dut.B   }
gui_list_select -id Data.1 -selected  { tb_dut.A  tb_dut.B  tb_dut.clk   }
gui_list_select -id Data.1 -selected  { tb_dut.A  tb_dut.B  tb_dut.clk  tb_dut.X   }
gui_list_select -id Data.1 -selected  { tb_dut.A  tb_dut.B  tb_dut.clk  tb_dut.X  tb_dut.Z   }
gui_open_window Wave
gui_list_add -id Wave.1 -from Data.1 { tb_dut.A tb_dut.B tb_dut.clk tb_dut.X tb_dut.Z } -insertionbar
gui_wv_zoom_timerange -id  Wave.1 0 899
gui_list_select -id Wave.1 -selected  { tb_dut.clk   }
gui_list_move  -id  Wave.1    -sid  Wave.1   -after Group1 {{tb_dut.clk}}
gui_zoom -window Wave.1 -full
gui_zoom -window Wave.1 -factor 0.5
gui_list_select -id Wave.1 -selected  { tb_dut.clk  Group1  tb_dut.A  tb_dut.B  tb_dut.X  tb_dut.Z  {New Group}   }
gui_list_select -id Wave.1 -selected  {  }
gui_wv_zoom_timerange -id  Wave.1 0 26672
ggui_close_window -window TopLevel.2
 { Group1  tb_dut.clk  tb_dut.A  tb_dut.B  tb_dut.X  tb_dut.Z  {New Group}   }
gui_list_select -id Wave.1 -selected  {  }
gui_close_window -window TopLevel.2
