 
****************************************
Report : design
Design : sqrt
Version: O-2018.06-SP1
Date   : Mon Jan  1 20:41:51 2024
****************************************

Design allows ideal nets on clock nets.

Library(s) Used:

    typical (File: /home/ICer/library/typical.db)

Local Link Library:

    {typical.db}

Flip-Flop Types:

    No flip-flop types specified.

Latch Types:

    No latch types specified.

Operating Conditions:


    Operating Condition Name : typical
    Library : typical
    Process :   1.00
    Temperature :  25.00
    Voltage :   1.20
    Interconnect Model : balanced_tree

Wire Loading Model:

    No wire loading specified.


Wire Loading Model Mode: top.

Timing Ranges:

    No timing ranges specified.

Pin Input Delays:

    None specified.

Pin Output Delays:

    None specified.

Disabled Timing Arcs:

    No arcs disabled.

Required Licenses:

    None Required

Design Parameters:

    None specified.
1
