Loading db file '/home/ICer/library/typical.db'
Information: Propagating switching activity (low effort zero delay simulation). (PWR-6)
Warning: Design has unannotated primary inputs. (PWR-414)
Warning: Design has unannotated sequential cell outputs. (PWR-415)
 
****************************************
Report : power
        -analysis_effort low
Design : sqrt
Version: O-2018.06-SP1
Date   : Mon Jan  1 20:41:51 2024
****************************************


Library(s) Used:

    typical (File: /home/ICer/library/typical.db)


Operating Conditions: typical   Library: typical
Wire Load Model Mode: top


Global Operating Voltage = 1.2  
Power-specific unit information :
    Voltage Units = 1V
    Capacitance Units = 1.000000pf
    Time Units = 1ns
    Dynamic Power Units = 1mW    (derived from V,C,T units)
    Leakage Power Units = 1pW


  Cell Internal Power  = 175.3254 uW   (95%)
  Net Switching Power  =   9.0783 uW    (5%)
                         ---------
Total Dynamic Power    = 184.4037 uW  (100%)

Cell Leakage Power     =  12.7917 uW


                 Internal         Switching           Leakage            Total
Power Group      Power            Power               Power              Power   (   %    )  Attrs
--------------------------------------------------------------------------------------------------
io_pad             0.0000            0.0000            0.0000            0.0000  (   0.00%)
memory             0.0000            0.0000            0.0000            0.0000  (   0.00%)
black_box          0.0000            0.0000            0.0000            0.0000  (   0.00%)
clock_network      0.0000            0.0000            0.0000            0.0000  (   0.00%)
register           0.1702        1.7037e-03        7.6800e+06            0.1796  (  91.09%)
sequential         0.0000            0.0000            0.0000            0.0000  (   0.00%)
combinational  5.0819e-03        7.3746e-03        5.1117e+06        1.7568e-02  (   8.91%)
--------------------------------------------------------------------------------------------------
Total              0.1753 mW     9.0783e-03 mW     1.2792e+07 pW         0.1972 mW
1
