Warning: Design 'stop_watch' has '1' unresolved references. For more detailed information, use the "link" command. (UID-341)
 
****************************************
Report : area
Design : stop_watch
Version: O-2018.06-SP1
Date   : Tue Dec  5 14:03:59 2023
****************************************

Library(s) Used:

    typical (File: /home/ICer/library/typical.db)

Number of ports:                           44
Number of nets:                            88
Number of cells:                           39
Number of combinational cells:             22
Number of sequential cells:                16
Number of macros/black boxes:               0
Number of buf/inv:                          1
Number of references:                      10

Combinational area:                229.148998
Buf/Inv area:                        3.394800
Noncombinational area:             322.505989
Macro/Black Box area:                0.000000
Net Interconnect area:      undefined  (No wire load specified)

Total cell area:                   551.654988
Total area:                 undefined

Information: This design contains black box (unknown) components. (RPT-8)
1
