Loading db file '/home/ICer/library/typical.db'
Information: Propagating switching activity (low effort zero delay simulation). (PWR-6)
Warning: Design has unannotated primary inputs. (PWR-414)
Warning: Design has unannotated sequential cell outputs. (PWR-415)
Warning: Design has unannotated black box outputs. (PWR-428)
 
****************************************
Report : power
        -analysis_effort low
Design : stop_watch
Version: O-2018.06-SP1
Date   : Tue Dec  5 14:03:59 2023
****************************************


Library(s) Used:

    typical (File: /home/ICer/library/typical.db)


Operating Conditions: typical   Library: typical
Wire Load Model Mode: top


Global Operating Voltage = 1.2  
Power-specific unit information :
    Voltage Units = 1V
    Capacitance Units = 1.000000pf
    Time Units = 1ns
    Dynamic Power Units = 1mW    (derived from V,C,T units)
    Leakage Power Units = 1pW


  Cell Internal Power  =   2.3140 uW    (6%)
  Net Switching Power  =  34.6933 uW   (94%)
                         ---------
Total Dynamic Power    =  37.0073 uW  (100%)

Cell Leakage Power     = 153.8871 nW


                 Internal         Switching           Leakage            Total
Power Group      Power            Power               Power              Power   (   %    )  Attrs
--------------------------------------------------------------------------------------------------
io_pad             0.0000            0.0000            0.0000            0.0000  (   0.00%)
memory             0.0000            0.0000            0.0000            0.0000  (   0.00%)
black_box          0.0000            0.0000            0.0000            0.0000  (   0.00%)
clock_network      0.0000            0.0000            0.0000            0.0000  (   0.00%)
register       2.1485e-03        6.2339e-05        8.7758e+04        2.2986e-03  (   6.19%)
sequential         0.0000            0.0000            0.0000            0.0000  (   0.00%)
combinational  1.6546e-04        3.4631e-02        6.6130e+04        3.4863e-02  (  93.81%)
--------------------------------------------------------------------------------------------------
Total          2.3140e-03 mW     3.4693e-02 mW     1.5389e+05 pW     3.7161e-02 mW
1
