Command: vcs -full64 +v2k -timescale=1ns/1ns -debug_acc+all -sverilog -o mul_tc_16_16 \
-l ../rpt/compile.log 	 -f ../../src/file_list.f
                         Chronologic VCS (TM)
        Version O-2018.09-1_Full64 -- Sat Dec  9 23:04:15 2023
               Copyright (c) 1991-2018 by Synopsys Inc.
                         ALL RIGHTS RESERVED

This program is proprietary and confidential information of Synopsys Inc.
and may be used and disclosed only as authorized in a license agreement
controlling such use and disclosure.

Parsing design file '../../src/tb_mul_tc_16_16.v'
Parsing design file '../../src/mul_tc_16_16.v'
Parsing design file '../../src/booth.v'
Parsing design file '../../src/booth_code.v'
Parsing design file '../../src/wallace.v'
Parsing design file '../../src/wallace_tree.v'
Parsing design file '../../src/wallace_tree_1bit.v'
Parsing design file '../../src/full_adder.v'
Parsing design file '../../src/half_adder.v'
Parsing design file '../../src/wallace_adder.v'
Parsing design file '../../src/carry4.v'
Top Level Modules:
       tb_mul_tc_16_16
TimeScale is 1 ns / 1 ns
Starting vcs inline pass...
4 modules and 0 UDP read.
recompiling module tb_mul_tc_16_16
	However, due to incremental compilation, only 1 module needs to be compiled. 
make[1]: Entering directory '/home/ICer/homework/Verilog/ch4-5/Prj_2.3/sim/script/csrc' \

rm -f _csrc*.so pre_vcsobj_*.so share_vcsobj_*.so
ld -shared  -Bsymbolic  -o .//../mul_tc_16_16.daidir//_csrc0.so objs/amcQw_d.o 
rm -f _csrc0.so
if [ -x ../mul_tc_16_16 ]; then chmod -x ../mul_tc_16_16; fi
g++  -o ../mul_tc_16_16    -Wl,-rpath-link=./ -Wl,-rpath='$ORIGIN'/mul_tc_16_16.daidir/ \
-Wl,-rpath=./mul_tc_16_16.daidir/ -Wl,-rpath='$ORIGIN'/mul_tc_16_16.daidir//scsim.db.dir \
-rdynamic  -Wl,-rpath=/home/synopsys/vcs-mx/O-2018.09-1/linux64/lib -L/home/synopsys/vcs-mx/O-2018.09-1/linux64/lib \
_38542_archive_1.so _prev_archive_1.so _csrc0.so  SIM_l.o  _csrc0.so     rmapats_mop.o \
rmapats.o rmar.o rmar_nd.o  rmar_llvm_0_1.o rmar_llvm_0_0.o          -lzerosoft_rt_stubs \
-lvirsim -lerrorinf -lsnpsmalloc -lvfs    -lvcsnew -lsimprofile -luclinative /home/synopsys/vcs-mx/O-2018.09-1/linux64/lib/vcs_tls.o \
-Wl,-whole-archive -lvcsucli -Wl,-no-whole-archive        _vcs_pli_stub_.o   /home/synopsys/vcs-mx/O-2018.09-1/linux64/lib/vcs_save_restore_new.o \
/home/synopsys/verdi/Verdi_O-2018.09-SP2/share/PLI/VCS/LINUX64/pli.a -ldl  -lc -lm \
-lpthread -ldl 
../mul_tc_16_16 up to date
make[1]: Leaving directory '/home/ICer/homework/Verilog/ch4-5/Prj_2.3/sim/script/csrc' \

CPU time: .865 seconds to compile + .871 seconds to elab + .819 seconds to link
