Information: Updating design information... (UID-85)
Warning: Design 'sort_32_u8' contains 4 high-fanout nets. A fanout number of 1000 will be used for delay calculations involving these nets. (TIM-134)

Information: Checking generated_clocks...

Information: Checking loops...

Information: Checking no_input_delay...
Warning: The following input ports have no clock_relative delay specified, the command set_input_delay without -clock option will be ignored. (TIM-216)
--------------------
vld_in
din_0[7]
din_0[6]
din_0[5]
din_0[4]
din_0[3]
din_0[2]
din_0[1]
din_0[0]
din_1[7]
din_1[6]
din_1[5]
din_1[4]
din_1[3]
din_1[2]
din_1[1]
din_1[0]
din_2[7]
din_2[6]
din_2[5]
din_2[4]
din_2[3]
din_2[2]
din_2[1]
din_2[0]
din_3[7]
din_3[6]
din_3[5]
din_3[4]
din_3[3]
din_3[2]
din_3[1]
din_3[0]
din_4[7]
din_4[6]
din_4[5]
din_4[4]
din_4[3]
din_4[2]
din_4[1]
din_4[0]
din_5[7]
din_5[6]
din_5[5]
din_5[4]
din_5[3]
din_5[2]
din_5[1]
din_5[0]
din_6[7]
din_6[6]
din_6[5]
din_6[4]
din_6[3]
din_6[2]
din_6[1]
din_6[0]
din_7[7]
din_7[6]
din_7[5]
din_7[4]
din_7[3]
din_7[2]
din_7[1]
din_7[0]
din_8[7]
din_8[6]
din_8[5]
din_8[4]
din_8[3]
din_8[2]
din_8[1]
din_8[0]
din_9[7]
din_9[6]
din_9[5]
din_9[4]
din_9[3]
din_9[2]
din_9[1]
din_9[0]
din_10[7]
din_10[6]
din_10[5]
din_10[4]
din_10[3]
din_10[2]
din_10[1]
din_10[0]
din_11[7]
din_11[6]
din_11[5]
din_11[4]
din_11[3]
din_11[2]
din_11[1]
din_11[0]
din_12[7]
din_12[6]
din_12[5]
din_12[4]
din_12[3]
din_12[2]
din_12[1]
din_12[0]
din_13[7]
din_13[6]
din_13[5]
din_13[4]
din_13[3]
din_13[2]
din_13[1]
din_13[0]
din_14[7]
din_14[6]
din_14[5]
din_14[4]
din_14[3]
din_14[2]
din_14[1]
din_14[0]
din_15[7]
din_15[6]
din_15[5]
din_15[4]
din_15[3]
din_15[2]
din_15[1]
din_15[0]
din_16[7]
din_16[6]
din_16[5]
din_16[4]
din_16[3]
din_16[2]
din_16[1]
din_16[0]
din_17[7]
din_17[6]
din_17[5]
din_17[4]
din_17[3]
din_17[2]
din_17[1]
din_17[0]
din_18[7]
din_18[6]
din_18[5]
din_18[4]
din_18[3]
din_18[2]
din_18[1]
din_18[0]
din_19[7]
din_19[6]
din_19[5]
din_19[4]
din_19[3]
din_19[2]
din_19[1]
din_19[0]
din_20[7]
din_20[6]
din_20[5]
din_20[4]
din_20[3]
din_20[2]
din_20[1]
din_20[0]
din_21[7]
din_21[6]
din_21[5]
din_21[4]
din_21[3]
din_21[2]
din_21[1]
din_21[0]
din_22[7]
din_22[6]
din_22[5]
din_22[4]
din_22[3]
din_22[2]
din_22[1]
din_22[0]
din_23[7]
din_23[6]
din_23[5]
din_23[4]
din_23[3]
din_23[2]
din_23[1]
din_23[0]
din_24[7]
din_24[6]
din_24[5]
din_24[4]
din_24[3]
din_24[2]
din_24[1]
din_24[0]
din_25[7]
din_25[6]
din_25[5]
din_25[4]
din_25[3]
din_25[2]
din_25[1]
din_25[0]
din_26[7]
din_26[6]
din_26[5]
din_26[4]
din_26[3]
din_26[2]
din_26[1]
din_26[0]
din_27[7]
din_27[6]
din_27[5]
din_27[4]
din_27[3]
din_27[2]
din_27[1]
din_27[0]
din_28[7]
din_28[6]
din_28[5]
din_28[4]
din_28[3]
din_28[2]
din_28[1]
din_28[0]
din_29[7]
din_29[6]
din_29[5]
din_29[4]
din_29[3]
din_29[2]
din_29[1]
din_29[0]
din_30[7]
din_30[6]
din_30[5]
din_30[4]
din_30[3]
din_30[2]
din_30[1]
din_30[0]
din_31[7]
din_31[6]
din_31[5]
din_31[4]
din_31[3]
din_31[2]
din_31[1]
din_31[0]

Information: Checking unconstrained_endpoints...

Warning: The following end-points are not constrained for maximum delay.

End point
---------------
dout_0[0]
dout_0[1]
dout_0[2]
dout_0[3]
dout_0[4]
dout_0[5]
dout_0[6]
dout_0[7]
dout_1[0]
dout_1[1]
dout_1[2]
dout_1[3]
dout_1[4]
dout_1[5]
dout_1[6]
dout_1[7]
dout_2[0]
dout_2[1]
dout_2[2]
dout_2[3]
dout_2[4]
dout_2[5]
dout_2[6]
dout_2[7]
dout_3[0]
dout_3[1]
dout_3[2]
dout_3[3]
dout_3[4]
dout_3[5]
dout_3[6]
dout_3[7]
dout_4[0]
dout_4[1]
dout_4[2]
dout_4[3]
dout_4[4]
dout_4[5]
dout_4[6]
dout_4[7]
dout_5[0]
dout_5[1]
dout_5[2]
dout_5[3]
dout_5[4]
dout_5[5]
dout_5[6]
dout_5[7]
dout_6[0]
dout_6[1]
dout_6[2]
dout_6[3]
dout_6[4]
dout_6[5]
dout_6[6]
dout_6[7]
dout_7[0]
dout_7[1]
dout_7[2]
dout_7[3]
dout_7[4]
dout_7[5]
dout_7[6]
dout_7[7]
dout_8[0]
dout_8[1]
dout_8[2]
dout_8[3]
dout_8[4]
dout_8[5]
dout_8[6]
dout_8[7]
dout_9[0]
dout_9[1]
dout_9[2]
dout_9[3]
dout_9[4]
dout_9[5]
dout_9[6]
dout_9[7]
dout_10[0]
dout_10[1]
dout_10[2]
dout_10[3]
dout_10[4]
dout_10[5]
dout_10[6]
dout_10[7]
dout_11[0]
dout_11[1]
dout_11[2]
dout_11[3]
dout_11[4]
dout_11[5]
dout_11[6]
dout_11[7]
dout_12[0]
dout_12[1]
dout_12[2]
dout_12[3]
dout_12[4]
dout_12[5]
dout_12[6]
dout_12[7]
dout_13[0]
dout_13[1]
dout_13[2]
dout_13[3]
dout_13[4]
dout_13[5]
dout_13[6]
dout_13[7]
dout_14[0]
dout_14[1]
dout_14[2]
dout_14[3]
dout_14[4]
dout_14[5]
dout_14[6]
dout_14[7]
dout_15[0]
dout_15[1]
dout_15[2]
dout_15[3]
dout_15[4]
dout_15[5]
dout_15[6]
dout_15[7]
dout_16[0]
dout_16[1]
dout_16[2]
dout_16[3]
dout_16[4]
dout_16[5]
dout_16[6]
dout_16[7]
dout_17[0]
dout_17[1]
dout_17[2]
dout_17[3]
dout_17[4]
dout_17[5]
dout_17[6]
dout_17[7]
dout_18[0]
dout_18[1]
dout_18[2]
dout_18[3]
dout_18[4]
dout_18[5]
dout_18[6]
dout_18[7]
dout_19[0]
dout_19[1]
dout_19[2]
dout_19[3]
dout_19[4]
dout_19[5]
dout_19[6]
dout_19[7]
dout_20[0]
dout_20[1]
dout_20[2]
dout_20[3]
dout_20[4]
dout_20[5]
dout_20[6]
dout_20[7]
dout_21[0]
dout_21[1]
dout_21[2]
dout_21[3]
dout_21[4]
dout_21[5]
dout_21[6]
dout_21[7]
dout_22[0]
dout_22[1]
dout_22[2]
dout_22[3]
dout_22[4]
dout_22[5]
dout_22[6]
dout_22[7]
dout_23[0]
dout_23[1]
dout_23[2]
dout_23[3]
dout_23[4]
dout_23[5]
dout_23[6]
dout_23[7]
dout_24[0]
dout_24[1]
dout_24[2]
dout_24[3]
dout_24[4]
dout_24[5]
dout_24[6]
dout_24[7]
dout_25[0]
dout_25[1]
dout_25[2]
dout_25[3]
dout_25[4]
dout_25[5]
dout_25[6]
dout_25[7]
dout_26[0]
dout_26[1]
dout_26[2]
dout_26[3]
dout_26[4]
dout_26[5]
dout_26[6]
dout_26[7]
dout_27[0]
dout_27[1]
dout_27[2]
dout_27[3]
dout_27[4]
dout_27[5]
dout_27[6]
dout_27[7]
dout_28[0]
dout_28[1]
dout_28[2]
dout_28[3]
dout_28[4]
dout_28[5]
dout_28[6]
dout_28[7]
dout_29[0]
dout_29[1]
dout_29[2]
dout_29[3]
dout_29[4]
dout_29[5]
dout_29[6]
dout_29[7]
dout_30[0]
dout_30[1]
dout_30[2]
dout_30[3]
dout_30[4]
dout_30[5]
dout_30[6]
dout_30[7]
dout_31[0]
dout_31[1]
dout_31[2]
dout_31[3]
dout_31[4]
dout_31[5]
dout_31[6]
dout_31[7]
u_score_0/score_1_reg/next_state
u_score_0/score_1_reg/synch_enable
u_score_0/score_2_reg/next_state
u_score_0/score_2_reg/synch_enable
u_score_0/score_3_reg/next_state
u_score_0/score_3_reg/synch_enable
u_score_0/score_4_reg/next_state
u_score_0/score_4_reg/synch_enable
u_score_0/score_5_reg/next_state
u_score_0/score_5_reg/synch_enable
u_score_0/score_6_reg/next_state
u_score_0/score_6_reg/synch_enable
u_score_0/score_7_reg/next_state
u_score_0/score_7_reg/synch_enable
u_score_0/score_8_reg/next_state
u_score_0/score_8_reg/synch_enable
u_score_0/score_9_reg/next_state
u_score_0/score_9_reg/synch_enable
u_score_0/score_10_reg/next_state
u_score_0/score_10_reg/synch_enable
u_score_0/score_11_reg/next_state
u_score_0/score_11_reg/synch_enable
u_score_0/score_12_reg/next_state
u_score_0/score_12_reg/synch_enable
u_score_0/score_13_reg/next_state
u_score_0/score_13_reg/synch_enable
u_score_0/score_14_reg/next_state
u_score_0/score_14_reg/synch_enable
u_score_0/score_15_reg/next_state
u_score_0/score_15_reg/synch_enable
u_score_0/score_16_reg/next_state
u_score_0/score_16_reg/synch_enable
u_score_0/score_17_reg/next_state
u_score_0/score_17_reg/synch_enable
u_score_0/score_18_reg/next_state
u_score_0/score_18_reg/synch_enable
u_score_0/score_19_reg/next_state
u_score_0/score_19_reg/synch_enable
u_score_0/score_20_reg/next_state
u_score_0/score_20_reg/synch_enable
u_score_0/score_21_reg/next_state
u_score_0/score_21_reg/synch_enable
u_score_0/score_22_reg/next_state
u_score_0/score_22_reg/synch_enable
u_score_0/score_23_reg/next_state
u_score_0/score_23_reg/synch_enable
u_score_0/score_24_reg/next_state
u_score_0/score_24_reg/synch_enable
u_score_0/score_25_reg/next_state
u_score_0/score_25_reg/synch_enable
u_score_0/score_26_reg/next_state
u_score_0/score_26_reg/synch_enable
u_score_0/score_27_reg/next_state
u_score_0/score_27_reg/synch_enable
u_score_0/score_28_reg/next_state
u_score_0/score_28_reg/synch_enable
u_score_0/score_29_reg/next_state
u_score_0/score_29_reg/synch_enable
u_score_0/score_30_reg/next_state
u_score_0/score_30_reg/synch_enable
u_score_0/score_31_reg/next_state
u_score_0/score_31_reg/synch_enable
u_score_0/vld_flag_reg/next_state
u_score_1/score_1_reg/next_state
u_score_1/score_1_reg/synch_enable
u_score_1/score_2_reg/next_state
u_score_1/score_2_reg/synch_enable
u_score_1/score_3_reg/next_state
u_score_1/score_3_reg/synch_enable
u_score_1/score_4_reg/next_state
u_score_1/score_4_reg/synch_enable
u_score_1/score_5_reg/next_state
u_score_1/score_5_reg/synch_enable
u_score_1/score_6_reg/next_state
u_score_1/score_6_reg/synch_enable
u_score_1/score_7_reg/next_state
u_score_1/score_7_reg/synch_enable
u_score_1/score_8_reg/next_state
u_score_1/score_8_reg/synch_enable
u_score_1/score_9_reg/next_state
u_score_1/score_9_reg/synch_enable
u_score_1/score_10_reg/next_state
u_score_1/score_10_reg/synch_enable
u_score_1/score_11_reg/next_state
u_score_1/score_11_reg/synch_enable
u_score_1/score_12_reg/next_state
u_score_1/score_12_reg/synch_enable
u_score_1/score_13_reg/next_state
u_score_1/score_13_reg/synch_enable
u_score_1/score_14_reg/next_state
u_score_1/score_14_reg/synch_enable
u_score_1/score_15_reg/next_state
u_score_1/score_15_reg/synch_enable
u_score_1/score_16_reg/next_state
u_score_1/score_16_reg/synch_enable
u_score_1/score_17_reg/next_state
u_score_1/score_17_reg/synch_enable
u_score_1/score_18_reg/next_state
u_score_1/score_18_reg/synch_enable
u_score_1/score_19_reg/next_state
u_score_1/score_19_reg/synch_enable
u_score_1/score_20_reg/next_state
u_score_1/score_20_reg/synch_enable
u_score_1/score_21_reg/next_state
u_score_1/score_21_reg/synch_enable
u_score_1/score_22_reg/next_state
u_score_1/score_22_reg/synch_enable
u_score_1/score_23_reg/next_state
u_score_1/score_23_reg/synch_enable
u_score_1/score_24_reg/next_state
u_score_1/score_24_reg/synch_enable
u_score_1/score_25_reg/next_state
u_score_1/score_25_reg/synch_enable
u_score_1/score_26_reg/next_state
u_score_1/score_26_reg/synch_enable
u_score_1/score_27_reg/next_state
u_score_1/score_27_reg/synch_enable
u_score_1/score_28_reg/next_state
u_score_1/score_28_reg/synch_enable
u_score_1/score_29_reg/next_state
u_score_1/score_29_reg/synch_enable
u_score_1/score_30_reg/next_state
u_score_1/score_30_reg/synch_enable
u_score_1/score_31_reg/next_state
u_score_1/score_31_reg/synch_enable
u_score_1/vld_flag_reg/next_state
u_score_2/score_1_reg/next_state
u_score_2/score_1_reg/synch_enable
u_score_2/score_2_reg/next_state
u_score_2/score_2_reg/synch_enable
u_score_2/score_3_reg/next_state
u_score_2/score_3_reg/synch_enable
u_score_2/score_4_reg/next_state
u_score_2/score_4_reg/synch_enable
u_score_2/score_5_reg/next_state
u_score_2/score_5_reg/synch_enable
u_score_2/score_6_reg/next_state
u_score_2/score_6_reg/synch_enable
u_score_2/score_7_reg/next_state
u_score_2/score_7_reg/synch_enable
u_score_2/score_8_reg/next_state
u_score_2/score_8_reg/synch_enable
u_score_2/score_9_reg/next_state
u_score_2/score_9_reg/synch_enable
u_score_2/score_10_reg/next_state
u_score_2/score_10_reg/synch_enable
u_score_2/score_11_reg/next_state
u_score_2/score_11_reg/synch_enable
u_score_2/score_12_reg/next_state
u_score_2/score_12_reg/synch_enable
u_score_2/score_13_reg/next_state
u_score_2/score_13_reg/synch_enable
u_score_2/score_14_reg/next_state
u_score_2/score_14_reg/synch_enable
u_score_2/score_15_reg/next_state
u_score_2/score_15_reg/synch_enable
u_score_2/score_16_reg/next_state
u_score_2/score_16_reg/synch_enable
u_score_2/score_17_reg/next_state
u_score_2/score_17_reg/synch_enable
u_score_2/score_18_reg/next_state
u_score_2/score_18_reg/synch_enable
u_score_2/score_19_reg/next_state
u_score_2/score_19_reg/synch_enable
u_score_2/score_20_reg/next_state
u_score_2/score_20_reg/synch_enable
u_score_2/score_21_reg/next_state
u_score_2/score_21_reg/synch_enable
u_score_2/score_22_reg/next_state
u_score_2/score_22_reg/synch_enable
u_score_2/score_23_reg/next_state
u_score_2/score_23_reg/synch_enable
u_score_2/score_24_reg/next_state
u_score_2/score_24_reg/synch_enable
u_score_2/score_25_reg/next_state
u_score_2/score_25_reg/synch_enable
u_score_2/score_26_reg/next_state
u_score_2/score_26_reg/synch_enable
u_score_2/score_27_reg/next_state
u_score_2/score_27_reg/synch_enable
u_score_2/score_28_reg/next_state
u_score_2/score_28_reg/synch_enable
u_score_2/score_29_reg/next_state
u_score_2/score_29_reg/synch_enable
u_score_2/score_30_reg/next_state
u_score_2/score_30_reg/synch_enable
u_score_2/score_31_reg/next_state
u_score_2/score_31_reg/synch_enable
u_score_2/vld_flag_reg/next_state
u_score_3/score_1_reg/next_state
u_score_3/score_1_reg/synch_enable
u_score_3/score_2_reg/next_state
u_score_3/score_2_reg/synch_enable
u_score_3/score_3_reg/next_state
u_score_3/score_3_reg/synch_enable
u_score_3/score_4_reg/next_state
u_score_3/score_4_reg/synch_enable
u_score_3/score_5_reg/next_state
u_score_3/score_5_reg/synch_enable
u_score_3/score_6_reg/next_state
u_score_3/score_6_reg/synch_enable
u_score_3/score_7_reg/next_state
u_score_3/score_7_reg/synch_enable
u_score_3/score_8_reg/next_state
u_score_3/score_8_reg/synch_enable
u_score_3/score_9_reg/next_state
u_score_3/score_9_reg/synch_enable
u_score_3/score_10_reg/next_state
u_score_3/score_10_reg/synch_enable
u_score_3/score_11_reg/next_state
u_score_3/score_11_reg/synch_enable
u_score_3/score_12_reg/next_state
u_score_3/score_12_reg/synch_enable
u_score_3/score_13_reg/next_state
u_score_3/score_13_reg/synch_enable
u_score_3/score_14_reg/next_state
u_score_3/score_14_reg/synch_enable
u_score_3/score_15_reg/next_state
u_score_3/score_15_reg/synch_enable
u_score_3/score_16_reg/next_state
u_score_3/score_16_reg/synch_enable
u_score_3/score_17_reg/next_state
u_score_3/score_17_reg/synch_enable
u_score_3/score_18_reg/next_state
u_score_3/score_18_reg/synch_enable
u_score_3/score_19_reg/next_state
u_score_3/score_19_reg/synch_enable
u_score_3/score_20_reg/next_state
u_score_3/score_20_reg/synch_enable
u_score_3/score_21_reg/next_state
u_score_3/score_21_reg/synch_enable
u_score_3/score_22_reg/next_state
u_score_3/score_22_reg/synch_enable
u_score_3/score_23_reg/next_state
u_score_3/score_23_reg/synch_enable
u_score_3/score_24_reg/next_state
u_score_3/score_24_reg/synch_enable
u_score_3/score_25_reg/next_state
u_score_3/score_25_reg/synch_enable
u_score_3/score_26_reg/next_state
u_score_3/score_26_reg/synch_enable
u_score_3/score_27_reg/next_state
u_score_3/score_27_reg/synch_enable
u_score_3/score_28_reg/next_state
u_score_3/score_28_reg/synch_enable
u_score_3/score_29_reg/next_state
u_score_3/score_29_reg/synch_enable
u_score_3/score_30_reg/next_state
u_score_3/score_30_reg/synch_enable
u_score_3/score_31_reg/next_state
u_score_3/score_31_reg/synch_enable
u_score_3/vld_flag_reg/next_state
u_score_4/score_1_reg/next_state
u_score_4/score_1_reg/synch_enable
u_score_4/score_2_reg/next_state
u_score_4/score_2_reg/synch_enable
u_score_4/score_3_reg/next_state
u_score_4/score_3_reg/synch_enable
u_score_4/score_4_reg/next_state
u_score_4/score_4_reg/synch_enable
u_score_4/score_5_reg/next_state
u_score_4/score_5_reg/synch_enable
u_score_4/score_6_reg/next_state
u_score_4/score_6_reg/synch_enable
u_score_4/score_7_reg/next_state
u_score_4/score_7_reg/synch_enable
u_score_4/score_8_reg/next_state
u_score_4/score_8_reg/synch_enable
u_score_4/score_9_reg/next_state
u_score_4/score_9_reg/synch_enable
u_score_4/score_10_reg/next_state
u_score_4/score_10_reg/synch_enable
u_score_4/score_11_reg/next_state
u_score_4/score_11_reg/synch_enable
u_score_4/score_12_reg/next_state
u_score_4/score_12_reg/synch_enable
u_score_4/score_13_reg/next_state
u_score_4/score_13_reg/synch_enable
u_score_4/score_14_reg/next_state
u_score_4/score_14_reg/synch_enable
u_score_4/score_15_reg/next_state
u_score_4/score_15_reg/synch_enable
u_score_4/score_16_reg/next_state
u_score_4/score_16_reg/synch_enable
u_score_4/score_17_reg/next_state
u_score_4/score_17_reg/synch_enable
u_score_4/score_18_reg/next_state
u_score_4/score_18_reg/synch_enable
u_score_4/score_19_reg/next_state
u_score_4/score_19_reg/synch_enable
u_score_4/score_20_reg/next_state
u_score_4/score_20_reg/synch_enable
u_score_4/score_21_reg/next_state
u_score_4/score_21_reg/synch_enable
u_score_4/score_22_reg/next_state
u_score_4/score_22_reg/synch_enable
u_score_4/score_23_reg/next_state
u_score_4/score_23_reg/synch_enable
u_score_4/score_24_reg/next_state
u_score_4/score_24_reg/synch_enable
u_score_4/score_25_reg/next_state
u_score_4/score_25_reg/synch_enable
u_score_4/score_26_reg/next_state
u_score_4/score_26_reg/synch_enable
u_score_4/score_27_reg/next_state
u_score_4/score_27_reg/synch_enable
u_score_4/score_28_reg/next_state
u_score_4/score_28_reg/synch_enable
u_score_4/score_29_reg/next_state
u_score_4/score_29_reg/synch_enable
u_score_4/score_30_reg/next_state
u_score_4/score_30_reg/synch_enable
u_score_4/score_31_reg/next_state
u_score_4/score_31_reg/synch_enable
u_score_4/vld_flag_reg/next_state
u_score_5/score_1_reg/next_state
u_score_5/score_1_reg/synch_enable
u_score_5/score_2_reg/next_state
u_score_5/score_2_reg/synch_enable
u_score_5/score_3_reg/next_state
u_score_5/score_3_reg/synch_enable
u_score_5/score_4_reg/next_state
u_score_5/score_4_reg/synch_enable
u_score_5/score_5_reg/next_state
u_score_5/score_5_reg/synch_enable
u_score_5/score_6_reg/next_state
u_score_5/score_6_reg/synch_enable
u_score_5/score_7_reg/next_state
u_score_5/score_7_reg/synch_enable
u_score_5/score_8_reg/next_state
u_score_5/score_8_reg/synch_enable
u_score_5/score_9_reg/next_state
u_score_5/score_9_reg/synch_enable
u_score_5/score_10_reg/next_state
u_score_5/score_10_reg/synch_enable
u_score_5/score_11_reg/next_state
u_score_5/score_11_reg/synch_enable
u_score_5/score_12_reg/next_state
u_score_5/score_12_reg/synch_enable
u_score_5/score_13_reg/next_state
u_score_5/score_13_reg/synch_enable
u_score_5/score_14_reg/next_state
u_score_5/score_14_reg/synch_enable
u_score_5/score_15_reg/next_state
u_score_5/score_15_reg/synch_enable
u_score_5/score_16_reg/next_state
u_score_5/score_16_reg/synch_enable
u_score_5/score_17_reg/next_state
u_score_5/score_17_reg/synch_enable
u_score_5/score_18_reg/next_state
u_score_5/score_18_reg/synch_enable
u_score_5/score_19_reg/next_state
u_score_5/score_19_reg/synch_enable
u_score_5/score_20_reg/next_state
u_score_5/score_20_reg/synch_enable
u_score_5/score_21_reg/next_state
u_score_5/score_21_reg/synch_enable
u_score_5/score_22_reg/next_state
u_score_5/score_22_reg/synch_enable
u_score_5/score_23_reg/next_state
u_score_5/score_23_reg/synch_enable
u_score_5/score_24_reg/next_state
u_score_5/score_24_reg/synch_enable
u_score_5/score_25_reg/next_state
u_score_5/score_25_reg/synch_enable
u_score_5/score_26_reg/next_state
u_score_5/score_26_reg/synch_enable
u_score_5/score_27_reg/next_state
u_score_5/score_27_reg/synch_enable
u_score_5/score_28_reg/next_state
u_score_5/score_28_reg/synch_enable
u_score_5/score_29_reg/next_state
u_score_5/score_29_reg/synch_enable
u_score_5/score_30_reg/next_state
u_score_5/score_30_reg/synch_enable
u_score_5/score_31_reg/next_state
u_score_5/score_31_reg/synch_enable
u_score_5/vld_flag_reg/next_state
u_score_6/score_1_reg/next_state
u_score_6/score_1_reg/synch_enable
u_score_6/score_2_reg/next_state
u_score_6/score_2_reg/synch_enable
u_score_6/score_3_reg/next_state
u_score_6/score_3_reg/synch_enable
u_score_6/score_4_reg/next_state
u_score_6/score_4_reg/synch_enable
u_score_6/score_5_reg/next_state
u_score_6/score_5_reg/synch_enable
u_score_6/score_6_reg/next_state
u_score_6/score_6_reg/synch_enable
u_score_6/score_7_reg/next_state
u_score_6/score_7_reg/synch_enable
u_score_6/score_8_reg/next_state
u_score_6/score_8_reg/synch_enable
u_score_6/score_9_reg/next_state
u_score_6/score_9_reg/synch_enable
u_score_6/score_10_reg/next_state
u_score_6/score_10_reg/synch_enable
u_score_6/score_11_reg/next_state
u_score_6/score_11_reg/synch_enable
u_score_6/score_12_reg/next_state
u_score_6/score_12_reg/synch_enable
u_score_6/score_13_reg/next_state
u_score_6/score_13_reg/synch_enable
u_score_6/score_14_reg/next_state
u_score_6/score_14_reg/synch_enable
u_score_6/score_15_reg/next_state
u_score_6/score_15_reg/synch_enable
u_score_6/score_16_reg/next_state
u_score_6/score_16_reg/synch_enable
u_score_6/score_17_reg/next_state
u_score_6/score_17_reg/synch_enable
u_score_6/score_18_reg/next_state
u_score_6/score_18_reg/synch_enable
u_score_6/score_19_reg/next_state
u_score_6/score_19_reg/synch_enable
u_score_6/score_20_reg/next_state
u_score_6/score_20_reg/synch_enable
u_score_6/score_21_reg/next_state
u_score_6/score_21_reg/synch_enable
u_score_6/score_22_reg/next_state
u_score_6/score_22_reg/synch_enable
u_score_6/score_23_reg/next_state
u_score_6/score_23_reg/synch_enable
u_score_6/score_24_reg/next_state
u_score_6/score_24_reg/synch_enable
u_score_6/score_25_reg/next_state
u_score_6/score_25_reg/synch_enable
u_score_6/score_26_reg/next_state
u_score_6/score_26_reg/synch_enable
u_score_6/score_27_reg/next_state
u_score_6/score_27_reg/synch_enable
u_score_6/score_28_reg/next_state
u_score_6/score_28_reg/synch_enable
u_score_6/score_29_reg/next_state
u_score_6/score_29_reg/synch_enable
u_score_6/score_30_reg/next_state
u_score_6/score_30_reg/synch_enable
u_score_6/score_31_reg/next_state
u_score_6/score_31_reg/synch_enable
u_score_6/vld_flag_reg/next_state
u_score_7/score_1_reg/next_state
u_score_7/score_1_reg/synch_enable
u_score_7/score_2_reg/next_state
u_score_7/score_2_reg/synch_enable
u_score_7/score_3_reg/next_state
u_score_7/score_3_reg/synch_enable
u_score_7/score_4_reg/next_state
u_score_7/score_4_reg/synch_enable
u_score_7/score_5_reg/next_state
u_score_7/score_5_reg/synch_enable
u_score_7/score_6_reg/next_state
u_score_7/score_6_reg/synch_enable
u_score_7/score_7_reg/next_state
u_score_7/score_7_reg/synch_enable
u_score_7/score_8_reg/next_state
u_score_7/score_8_reg/synch_enable
u_score_7/score_9_reg/next_state
u_score_7/score_9_reg/synch_enable
u_score_7/score_10_reg/next_state
u_score_7/score_10_reg/synch_enable
u_score_7/score_11_reg/next_state
u_score_7/score_11_reg/synch_enable
u_score_7/score_12_reg/next_state
u_score_7/score_12_reg/synch_enable
u_score_7/score_13_reg/next_state
u_score_7/score_13_reg/synch_enable
u_score_7/score_14_reg/next_state
u_score_7/score_14_reg/synch_enable
u_score_7/score_15_reg/next_state
u_score_7/score_15_reg/synch_enable
u_score_7/score_16_reg/next_state
u_score_7/score_16_reg/synch_enable
u_score_7/score_17_reg/next_state
u_score_7/score_17_reg/synch_enable
u_score_7/score_18_reg/next_state
u_score_7/score_18_reg/synch_enable
u_score_7/score_19_reg/next_state
u_score_7/score_19_reg/synch_enable
u_score_7/score_20_reg/next_state
u_score_7/score_20_reg/synch_enable
u_score_7/score_21_reg/next_state
u_score_7/score_21_reg/synch_enable
u_score_7/score_22_reg/next_state
u_score_7/score_22_reg/synch_enable
u_score_7/score_23_reg/next_state
u_score_7/score_23_reg/synch_enable
u_score_7/score_24_reg/next_state
u_score_7/score_24_reg/synch_enable
u_score_7/score_25_reg/next_state
u_score_7/score_25_reg/synch_enable
u_score_7/score_26_reg/next_state
u_score_7/score_26_reg/synch_enable
u_score_7/score_27_reg/next_state
u_score_7/score_27_reg/synch_enable
u_score_7/score_28_reg/next_state
u_score_7/score_28_reg/synch_enable
u_score_7/score_29_reg/next_state
u_score_7/score_29_reg/synch_enable
u_score_7/score_30_reg/next_state
u_score_7/score_30_reg/synch_enable
u_score_7/score_31_reg/next_state
u_score_7/score_31_reg/synch_enable
u_score_7/vld_flag_reg/next_state
u_score_8/score_1_reg/next_state
u_score_8/score_1_reg/synch_enable
u_score_8/score_2_reg/next_state
u_score_8/score_2_reg/synch_enable
u_score_8/score_3_reg/next_state
u_score_8/score_3_reg/synch_enable
u_score_8/score_4_reg/next_state
u_score_8/score_4_reg/synch_enable
u_score_8/score_5_reg/next_state
u_score_8/score_5_reg/synch_enable
u_score_8/score_6_reg/next_state
u_score_8/score_6_reg/synch_enable
u_score_8/score_7_reg/next_state
u_score_8/score_7_reg/synch_enable
u_score_8/score_8_reg/next_state
u_score_8/score_8_reg/synch_enable
u_score_8/score_9_reg/next_state
u_score_8/score_9_reg/synch_enable
u_score_8/score_10_reg/next_state
u_score_8/score_10_reg/synch_enable
u_score_8/score_11_reg/next_state
u_score_8/score_11_reg/synch_enable
u_score_8/score_12_reg/next_state
u_score_8/score_12_reg/synch_enable
u_score_8/score_13_reg/next_state
u_score_8/score_13_reg/synch_enable
u_score_8/score_14_reg/next_state
u_score_8/score_14_reg/synch_enable
u_score_8/score_15_reg/next_state
u_score_8/score_15_reg/synch_enable
u_score_8/score_16_reg/next_state
u_score_8/score_16_reg/synch_enable
u_score_8/score_17_reg/next_state
u_score_8/score_17_reg/synch_enable
u_score_8/score_18_reg/next_state
u_score_8/score_18_reg/synch_enable
u_score_8/score_19_reg/next_state
u_score_8/score_19_reg/synch_enable
u_score_8/score_20_reg/next_state
u_score_8/score_20_reg/synch_enable
u_score_8/score_21_reg/next_state
u_score_8/score_21_reg/synch_enable
u_score_8/score_22_reg/next_state
u_score_8/score_22_reg/synch_enable
u_score_8/score_23_reg/next_state
u_score_8/score_23_reg/synch_enable
u_score_8/score_24_reg/next_state
u_score_8/score_24_reg/synch_enable
u_score_8/score_25_reg/next_state
u_score_8/score_25_reg/synch_enable
u_score_8/score_26_reg/next_state
u_score_8/score_26_reg/synch_enable
u_score_8/score_27_reg/next_state
u_score_8/score_27_reg/synch_enable
u_score_8/score_28_reg/next_state
u_score_8/score_28_reg/synch_enable
u_score_8/score_29_reg/next_state
u_score_8/score_29_reg/synch_enable
u_score_8/score_30_reg/next_state
u_score_8/score_30_reg/synch_enable
u_score_8/score_31_reg/next_state
u_score_8/score_31_reg/synch_enable
u_score_8/vld_flag_reg/next_state
u_score_9/score_1_reg/next_state
u_score_9/score_1_reg/synch_enable
u_score_9/score_2_reg/next_state
u_score_9/score_2_reg/synch_enable
u_score_9/score_3_reg/next_state
u_score_9/score_3_reg/synch_enable
u_score_9/score_4_reg/next_state
u_score_9/score_4_reg/synch_enable
u_score_9/score_5_reg/next_state
u_score_9/score_5_reg/synch_enable
u_score_9/score_6_reg/next_state
u_score_9/score_6_reg/synch_enable
u_score_9/score_7_reg/next_state
u_score_9/score_7_reg/synch_enable
u_score_9/score_8_reg/next_state
u_score_9/score_8_reg/synch_enable
u_score_9/score_9_reg/next_state
u_score_9/score_9_reg/synch_enable
u_score_9/score_10_reg/next_state
u_score_9/score_10_reg/synch_enable
u_score_9/score_11_reg/next_state
u_score_9/score_11_reg/synch_enable
u_score_9/score_12_reg/next_state
u_score_9/score_12_reg/synch_enable
u_score_9/score_13_reg/next_state
u_score_9/score_13_reg/synch_enable
u_score_9/score_14_reg/next_state
u_score_9/score_14_reg/synch_enable
u_score_9/score_15_reg/next_state
u_score_9/score_15_reg/synch_enable
u_score_9/score_16_reg/next_state
u_score_9/score_16_reg/synch_enable
u_score_9/score_17_reg/next_state
u_score_9/score_17_reg/synch_enable
u_score_9/score_18_reg/next_state
u_score_9/score_18_reg/synch_enable
u_score_9/score_19_reg/next_state
u_score_9/score_19_reg/synch_enable
u_score_9/score_20_reg/next_state
u_score_9/score_20_reg/synch_enable
u_score_9/score_21_reg/next_state
u_score_9/score_21_reg/synch_enable
u_score_9/score_22_reg/next_state
u_score_9/score_22_reg/synch_enable
u_score_9/score_23_reg/next_state
u_score_9/score_23_reg/synch_enable
u_score_9/score_24_reg/next_state
u_score_9/score_24_reg/synch_enable
u_score_9/score_25_reg/next_state
u_score_9/score_25_reg/synch_enable
u_score_9/score_26_reg/next_state
u_score_9/score_26_reg/synch_enable
u_score_9/score_27_reg/next_state
u_score_9/score_27_reg/synch_enable
u_score_9/score_28_reg/next_state
u_score_9/score_28_reg/synch_enable
u_score_9/score_29_reg/next_state
u_score_9/score_29_reg/synch_enable
u_score_9/score_30_reg/next_state
u_score_9/score_30_reg/synch_enable
u_score_9/score_31_reg/next_state
u_score_9/score_31_reg/synch_enable
u_score_9/vld_flag_reg/next_state
u_score_10/score_1_reg/next_state
u_score_10/score_1_reg/synch_enable
u_score_10/score_2_reg/next_state
u_score_10/score_2_reg/synch_enable
u_score_10/score_3_reg/next_state
u_score_10/score_3_reg/synch_enable
u_score_10/score_4_reg/next_state
u_score_10/score_4_reg/synch_enable
u_score_10/score_5_reg/next_state
u_score_10/score_5_reg/synch_enable
u_score_10/score_6_reg/next_state
u_score_10/score_6_reg/synch_enable
u_score_10/score_7_reg/next_state
u_score_10/score_7_reg/synch_enable
u_score_10/score_8_reg/next_state
u_score_10/score_8_reg/synch_enable
u_score_10/score_9_reg/next_state
u_score_10/score_9_reg/synch_enable
u_score_10/score_10_reg/next_state
u_score_10/score_10_reg/synch_enable
u_score_10/score_11_reg/next_state
u_score_10/score_11_reg/synch_enable
u_score_10/score_12_reg/next_state
u_score_10/score_12_reg/synch_enable
u_score_10/score_13_reg/next_state
u_score_10/score_13_reg/synch_enable
u_score_10/score_14_reg/next_state
u_score_10/score_14_reg/synch_enable
u_score_10/score_15_reg/next_state
u_score_10/score_15_reg/synch_enable
u_score_10/score_16_reg/next_state
u_score_10/score_16_reg/synch_enable
u_score_10/score_17_reg/next_state
u_score_10/score_17_reg/synch_enable
u_score_10/score_18_reg/next_state
u_score_10/score_18_reg/synch_enable
u_score_10/score_19_reg/next_state
u_score_10/score_19_reg/synch_enable
u_score_10/score_20_reg/next_state
u_score_10/score_20_reg/synch_enable
u_score_10/score_21_reg/next_state
u_score_10/score_21_reg/synch_enable
u_score_10/score_22_reg/next_state
u_score_10/score_22_reg/synch_enable
u_score_10/score_23_reg/next_state
u_score_10/score_23_reg/synch_enable
u_score_10/score_24_reg/next_state
u_score_10/score_24_reg/synch_enable
u_score_10/score_25_reg/next_state
u_score_10/score_25_reg/synch_enable
u_score_10/score_26_reg/next_state
u_score_10/score_26_reg/synch_enable
u_score_10/score_27_reg/next_state
u_score_10/score_27_reg/synch_enable
u_score_10/score_28_reg/next_state
u_score_10/score_28_reg/synch_enable
u_score_10/score_29_reg/next_state
u_score_10/score_29_reg/synch_enable
u_score_10/score_30_reg/next_state
u_score_10/score_30_reg/synch_enable
u_score_10/score_31_reg/next_state
u_score_10/score_31_reg/synch_enable
u_score_10/vld_flag_reg/next_state
u_score_11/score_1_reg/next_state
u_score_11/score_1_reg/synch_enable
u_score_11/score_2_reg/next_state
u_score_11/score_2_reg/synch_enable
u_score_11/score_3_reg/next_state
u_score_11/score_3_reg/synch_enable
u_score_11/score_4_reg/next_state
u_score_11/score_4_reg/synch_enable
u_score_11/score_5_reg/next_state
u_score_11/score_5_reg/synch_enable
u_score_11/score_6_reg/next_state
u_score_11/score_6_reg/synch_enable
u_score_11/score_7_reg/next_state
u_score_11/score_7_reg/synch_enable
u_score_11/score_8_reg/next_state
u_score_11/score_8_reg/synch_enable
u_score_11/score_9_reg/next_state
u_score_11/score_9_reg/synch_enable
u_score_11/score_10_reg/next_state
u_score_11/score_10_reg/synch_enable
u_score_11/score_11_reg/next_state
u_score_11/score_11_reg/synch_enable
u_score_11/score_12_reg/next_state
u_score_11/score_12_reg/synch_enable
u_score_11/score_13_reg/next_state
u_score_11/score_13_reg/synch_enable
u_score_11/score_14_reg/next_state
u_score_11/score_14_reg/synch_enable
u_score_11/score_15_reg/next_state
u_score_11/score_15_reg/synch_enable
u_score_11/score_16_reg/next_state
u_score_11/score_16_reg/synch_enable
u_score_11/score_17_reg/next_state
u_score_11/score_17_reg/synch_enable
u_score_11/score_18_reg/next_state
u_score_11/score_18_reg/synch_enable
u_score_11/score_19_reg/next_state
u_score_11/score_19_reg/synch_enable
u_score_11/score_20_reg/next_state
u_score_11/score_20_reg/synch_enable
u_score_11/score_21_reg/next_state
u_score_11/score_21_reg/synch_enable
u_score_11/score_22_reg/next_state
u_score_11/score_22_reg/synch_enable
u_score_11/score_23_reg/next_state
u_score_11/score_23_reg/synch_enable
u_score_11/score_24_reg/next_state
u_score_11/score_24_reg/synch_enable
u_score_11/score_25_reg/next_state
u_score_11/score_25_reg/synch_enable
u_score_11/score_26_reg/next_state
u_score_11/score_26_reg/synch_enable
u_score_11/score_27_reg/next_state
u_score_11/score_27_reg/synch_enable
u_score_11/score_28_reg/next_state
u_score_11/score_28_reg/synch_enable
u_score_11/score_29_reg/next_state
u_score_11/score_29_reg/synch_enable
u_score_11/score_30_reg/next_state
u_score_11/score_30_reg/synch_enable
u_score_11/score_31_reg/next_state
u_score_11/score_31_reg/synch_enable
u_score_11/vld_flag_reg/next_state
u_score_12/score_1_reg/next_state
u_score_12/score_1_reg/synch_enable
u_score_12/score_2_reg/next_state
u_score_12/score_2_reg/synch_enable
u_score_12/score_3_reg/next_state
u_score_12/score_3_reg/synch_enable
u_score_12/score_4_reg/next_state
u_score_12/score_4_reg/synch_enable
u_score_12/score_5_reg/next_state
u_score_12/score_5_reg/synch_enable
u_score_12/score_6_reg/next_state
u_score_12/score_6_reg/synch_enable
u_score_12/score_7_reg/next_state
u_score_12/score_7_reg/synch_enable
u_score_12/score_8_reg/next_state
u_score_12/score_8_reg/synch_enable
u_score_12/score_9_reg/next_state
u_score_12/score_9_reg/synch_enable
u_score_12/score_10_reg/next_state
u_score_12/score_10_reg/synch_enable
u_score_12/score_11_reg/next_state
u_score_12/score_11_reg/synch_enable
u_score_12/score_12_reg/next_state
u_score_12/score_12_reg/synch_enable
u_score_12/score_13_reg/next_state
u_score_12/score_13_reg/synch_enable
u_score_12/score_14_reg/next_state
u_score_12/score_14_reg/synch_enable
u_score_12/score_15_reg/next_state
u_score_12/score_15_reg/synch_enable
u_score_12/score_16_reg/next_state
u_score_12/score_16_reg/synch_enable
u_score_12/score_17_reg/next_state
u_score_12/score_17_reg/synch_enable
u_score_12/score_18_reg/next_state
u_score_12/score_18_reg/synch_enable
u_score_12/score_19_reg/next_state
u_score_12/score_19_reg/synch_enable
u_score_12/score_20_reg/next_state
u_score_12/score_20_reg/synch_enable
u_score_12/score_21_reg/next_state
u_score_12/score_21_reg/synch_enable
u_score_12/score_22_reg/next_state
u_score_12/score_22_reg/synch_enable
u_score_12/score_23_reg/next_state
u_score_12/score_23_reg/synch_enable
u_score_12/score_24_reg/next_state
u_score_12/score_24_reg/synch_enable
u_score_12/score_25_reg/next_state
u_score_12/score_25_reg/synch_enable
u_score_12/score_26_reg/next_state
u_score_12/score_26_reg/synch_enable
u_score_12/score_27_reg/next_state
u_score_12/score_27_reg/synch_enable
u_score_12/score_28_reg/next_state
u_score_12/score_28_reg/synch_enable
u_score_12/score_29_reg/next_state
u_score_12/score_29_reg/synch_enable
u_score_12/score_30_reg/next_state
u_score_12/score_30_reg/synch_enable
u_score_12/score_31_reg/next_state
u_score_12/score_31_reg/synch_enable
u_score_12/vld_flag_reg/next_state
u_score_13/score_1_reg/next_state
u_score_13/score_1_reg/synch_enable
u_score_13/score_2_reg/next_state
u_score_13/score_2_reg/synch_enable
u_score_13/score_3_reg/next_state
u_score_13/score_3_reg/synch_enable
u_score_13/score_4_reg/next_state
u_score_13/score_4_reg/synch_enable
u_score_13/score_5_reg/next_state
u_score_13/score_5_reg/synch_enable
u_score_13/score_6_reg/next_state
u_score_13/score_6_reg/synch_enable
u_score_13/score_7_reg/next_state
u_score_13/score_7_reg/synch_enable
u_score_13/score_8_reg/next_state
u_score_13/score_8_reg/synch_enable
u_score_13/score_9_reg/next_state
u_score_13/score_9_reg/synch_enable
u_score_13/score_10_reg/next_state
u_score_13/score_10_reg/synch_enable
u_score_13/score_11_reg/next_state
u_score_13/score_11_reg/synch_enable
u_score_13/score_12_reg/next_state
u_score_13/score_12_reg/synch_enable
u_score_13/score_13_reg/next_state
u_score_13/score_13_reg/synch_enable
u_score_13/score_14_reg/next_state
u_score_13/score_14_reg/synch_enable
u_score_13/score_15_reg/next_state
u_score_13/score_15_reg/synch_enable
u_score_13/score_16_reg/next_state
u_score_13/score_16_reg/synch_enable
u_score_13/score_17_reg/next_state
u_score_13/score_17_reg/synch_enable
u_score_13/score_18_reg/next_state
u_score_13/score_18_reg/synch_enable
u_score_13/score_19_reg/next_state
u_score_13/score_19_reg/synch_enable
u_score_13/score_20_reg/next_state
u_score_13/score_20_reg/synch_enable
u_score_13/score_21_reg/next_state
u_score_13/score_21_reg/synch_enable
u_score_13/score_22_reg/next_state
u_score_13/score_22_reg/synch_enable
u_score_13/score_23_reg/next_state
u_score_13/score_23_reg/synch_enable
u_score_13/score_24_reg/next_state
u_score_13/score_24_reg/synch_enable
u_score_13/score_25_reg/next_state
u_score_13/score_25_reg/synch_enable
u_score_13/score_26_reg/next_state
u_score_13/score_26_reg/synch_enable
u_score_13/score_27_reg/next_state
u_score_13/score_27_reg/synch_enable
u_score_13/score_28_reg/next_state
u_score_13/score_28_reg/synch_enable
u_score_13/score_29_reg/next_state
u_score_13/score_29_reg/synch_enable
u_score_13/score_30_reg/next_state
u_score_13/score_30_reg/synch_enable
u_score_13/score_31_reg/next_state
u_score_13/score_31_reg/synch_enable
u_score_13/vld_flag_reg/next_state
u_score_14/score_1_reg/next_state
u_score_14/score_1_reg/synch_enable
u_score_14/score_2_reg/next_state
u_score_14/score_2_reg/synch_enable
u_score_14/score_3_reg/next_state
u_score_14/score_3_reg/synch_enable
u_score_14/score_4_reg/next_state
u_score_14/score_4_reg/synch_enable
u_score_14/score_5_reg/next_state
u_score_14/score_5_reg/synch_enable
u_score_14/score_6_reg/next_state
u_score_14/score_6_reg/synch_enable
u_score_14/score_7_reg/next_state
u_score_14/score_7_reg/synch_enable
u_score_14/score_8_reg/next_state
u_score_14/score_8_reg/synch_enable
u_score_14/score_9_reg/next_state
u_score_14/score_9_reg/synch_enable
u_score_14/score_10_reg/next_state
u_score_14/score_10_reg/synch_enable
u_score_14/score_11_reg/next_state
u_score_14/score_11_reg/synch_enable
u_score_14/score_12_reg/next_state
u_score_14/score_12_reg/synch_enable
u_score_14/score_13_reg/next_state
u_score_14/score_13_reg/synch_enable
u_score_14/score_14_reg/next_state
u_score_14/score_14_reg/synch_enable
u_score_14/score_15_reg/next_state
u_score_14/score_15_reg/synch_enable
u_score_14/score_16_reg/next_state
u_score_14/score_16_reg/synch_enable
u_score_14/score_17_reg/next_state
u_score_14/score_17_reg/synch_enable
u_score_14/score_18_reg/next_state
u_score_14/score_18_reg/synch_enable
u_score_14/score_19_reg/next_state
u_score_14/score_19_reg/synch_enable
u_score_14/score_20_reg/next_state
u_score_14/score_20_reg/synch_enable
u_score_14/score_21_reg/next_state
u_score_14/score_21_reg/synch_enable
u_score_14/score_22_reg/next_state
u_score_14/score_22_reg/synch_enable
u_score_14/score_23_reg/next_state
u_score_14/score_23_reg/synch_enable
u_score_14/score_24_reg/next_state
u_score_14/score_24_reg/synch_enable
u_score_14/score_25_reg/next_state
u_score_14/score_25_reg/synch_enable
u_score_14/score_26_reg/next_state
u_score_14/score_26_reg/synch_enable
u_score_14/score_27_reg/next_state
u_score_14/score_27_reg/synch_enable
u_score_14/score_28_reg/next_state
u_score_14/score_28_reg/synch_enable
u_score_14/score_29_reg/next_state
u_score_14/score_29_reg/synch_enable
u_score_14/score_30_reg/next_state
u_score_14/score_30_reg/synch_enable
u_score_14/score_31_reg/next_state
u_score_14/score_31_reg/synch_enable
u_score_14/vld_flag_reg/next_state
u_score_15/score_1_reg/next_state
u_score_15/score_1_reg/synch_enable
u_score_15/score_2_reg/next_state
u_score_15/score_2_reg/synch_enable
u_score_15/score_3_reg/next_state
u_score_15/score_3_reg/synch_enable
u_score_15/score_4_reg/next_state
u_score_15/score_4_reg/synch_enable
u_score_15/score_5_reg/next_state
u_score_15/score_5_reg/synch_enable
u_score_15/score_6_reg/next_state
u_score_15/score_6_reg/synch_enable
u_score_15/score_7_reg/next_state
u_score_15/score_7_reg/synch_enable
u_score_15/score_8_reg/next_state
u_score_15/score_8_reg/synch_enable
u_score_15/score_9_reg/next_state
u_score_15/score_9_reg/synch_enable
u_score_15/score_10_reg/next_state
u_score_15/score_10_reg/synch_enable
u_score_15/score_11_reg/next_state
u_score_15/score_11_reg/synch_enable
u_score_15/score_12_reg/next_state
u_score_15/score_12_reg/synch_enable
u_score_15/score_13_reg/next_state
u_score_15/score_13_reg/synch_enable
u_score_15/score_14_reg/next_state
u_score_15/score_14_reg/synch_enable
u_score_15/score_15_reg/next_state
u_score_15/score_15_reg/synch_enable
u_score_15/score_16_reg/next_state
u_score_15/score_16_reg/synch_enable
u_score_15/score_17_reg/next_state
u_score_15/score_17_reg/synch_enable
u_score_15/score_18_reg/next_state
u_score_15/score_18_reg/synch_enable
u_score_15/score_19_reg/next_state
u_score_15/score_19_reg/synch_enable
u_score_15/score_20_reg/next_state
u_score_15/score_20_reg/synch_enable
u_score_15/score_21_reg/next_state
u_score_15/score_21_reg/synch_enable
u_score_15/score_22_reg/next_state
u_score_15/score_22_reg/synch_enable
u_score_15/score_23_reg/next_state
u_score_15/score_23_reg/synch_enable
u_score_15/score_24_reg/next_state
u_score_15/score_24_reg/synch_enable
u_score_15/score_25_reg/next_state
u_score_15/score_25_reg/synch_enable
u_score_15/score_26_reg/next_state
u_score_15/score_26_reg/synch_enable
u_score_15/score_27_reg/next_state
u_score_15/score_27_reg/synch_enable
u_score_15/score_28_reg/next_state
u_score_15/score_28_reg/synch_enable
u_score_15/score_29_reg/next_state
u_score_15/score_29_reg/synch_enable
u_score_15/score_30_reg/next_state
u_score_15/score_30_reg/synch_enable
u_score_15/score_31_reg/next_state
u_score_15/score_31_reg/synch_enable
u_score_15/vld_flag_reg/next_state
u_score_16/score_1_reg/next_state
u_score_16/score_1_reg/synch_enable
u_score_16/score_2_reg/next_state
u_score_16/score_2_reg/synch_enable
u_score_16/score_3_reg/next_state
u_score_16/score_3_reg/synch_enable
u_score_16/score_4_reg/next_state
u_score_16/score_4_reg/synch_enable
u_score_16/score_5_reg/next_state
u_score_16/score_5_reg/synch_enable
u_score_16/score_6_reg/next_state
u_score_16/score_6_reg/synch_enable
u_score_16/score_7_reg/next_state
u_score_16/score_7_reg/synch_enable
u_score_16/score_8_reg/next_state
u_score_16/score_8_reg/synch_enable
u_score_16/score_9_reg/next_state
u_score_16/score_9_reg/synch_enable
u_score_16/score_10_reg/next_state
u_score_16/score_10_reg/synch_enable
u_score_16/score_11_reg/next_state
u_score_16/score_11_reg/synch_enable
u_score_16/score_12_reg/next_state
u_score_16/score_12_reg/synch_enable
u_score_16/score_13_reg/next_state
u_score_16/score_13_reg/synch_enable
u_score_16/score_14_reg/next_state
u_score_16/score_14_reg/synch_enable
u_score_16/score_15_reg/next_state
u_score_16/score_15_reg/synch_enable
u_score_16/score_16_reg/next_state
u_score_16/score_16_reg/synch_enable
u_score_16/score_17_reg/next_state
u_score_16/score_17_reg/synch_enable
u_score_16/score_18_reg/next_state
u_score_16/score_18_reg/synch_enable
u_score_16/score_19_reg/next_state
u_score_16/score_19_reg/synch_enable
u_score_16/score_20_reg/next_state
u_score_16/score_20_reg/synch_enable
u_score_16/score_21_reg/next_state
u_score_16/score_21_reg/synch_enable
u_score_16/score_22_reg/next_state
u_score_16/score_22_reg/synch_enable
u_score_16/score_23_reg/next_state
u_score_16/score_23_reg/synch_enable
u_score_16/score_24_reg/next_state
u_score_16/score_24_reg/synch_enable
u_score_16/score_25_reg/next_state
u_score_16/score_25_reg/synch_enable
u_score_16/score_26_reg/next_state
u_score_16/score_26_reg/synch_enable
u_score_16/score_27_reg/next_state
u_score_16/score_27_reg/synch_enable
u_score_16/score_28_reg/next_state
u_score_16/score_28_reg/synch_enable
u_score_16/score_29_reg/next_state
u_score_16/score_29_reg/synch_enable
u_score_16/score_30_reg/next_state
u_score_16/score_30_reg/synch_enable
u_score_16/score_31_reg/next_state
u_score_16/score_31_reg/synch_enable
u_score_16/vld_flag_reg/next_state
u_score_17/score_1_reg/next_state
u_score_17/score_1_reg/synch_enable
u_score_17/score_2_reg/next_state
u_score_17/score_2_reg/synch_enable
u_score_17/score_3_reg/next_state
u_score_17/score_3_reg/synch_enable
u_score_17/score_4_reg/next_state
u_score_17/score_4_reg/synch_enable
u_score_17/score_5_reg/next_state
u_score_17/score_5_reg/synch_enable
u_score_17/score_6_reg/next_state
u_score_17/score_6_reg/synch_enable
u_score_17/score_7_reg/next_state
u_score_17/score_7_reg/synch_enable
u_score_17/score_8_reg/next_state
u_score_17/score_8_reg/synch_enable
u_score_17/score_9_reg/next_state
u_score_17/score_9_reg/synch_enable
u_score_17/score_10_reg/next_state
u_score_17/score_10_reg/synch_enable
u_score_17/score_11_reg/next_state
u_score_17/score_11_reg/synch_enable
u_score_17/score_12_reg/next_state
u_score_17/score_12_reg/synch_enable
u_score_17/score_13_reg/next_state
u_score_17/score_13_reg/synch_enable
u_score_17/score_14_reg/next_state
u_score_17/score_14_reg/synch_enable
u_score_17/score_15_reg/next_state
u_score_17/score_15_reg/synch_enable
u_score_17/score_16_reg/next_state
u_score_17/score_16_reg/synch_enable
u_score_17/score_17_reg/next_state
u_score_17/score_17_reg/synch_enable
u_score_17/score_18_reg/next_state
u_score_17/score_18_reg/synch_enable
u_score_17/score_19_reg/next_state
u_score_17/score_19_reg/synch_enable
u_score_17/score_20_reg/next_state
u_score_17/score_20_reg/synch_enable
u_score_17/score_21_reg/next_state
u_score_17/score_21_reg/synch_enable
u_score_17/score_22_reg/next_state
u_score_17/score_22_reg/synch_enable
u_score_17/score_23_reg/next_state
u_score_17/score_23_reg/synch_enable
u_score_17/score_24_reg/next_state
u_score_17/score_24_reg/synch_enable
u_score_17/score_25_reg/next_state
u_score_17/score_25_reg/synch_enable
u_score_17/score_26_reg/next_state
u_score_17/score_26_reg/synch_enable
u_score_17/score_27_reg/next_state
u_score_17/score_27_reg/synch_enable
u_score_17/score_28_reg/next_state
u_score_17/score_28_reg/synch_enable
u_score_17/score_29_reg/next_state
u_score_17/score_29_reg/synch_enable
u_score_17/score_30_reg/next_state
u_score_17/score_30_reg/synch_enable
u_score_17/score_31_reg/next_state
u_score_17/score_31_reg/synch_enable
u_score_17/vld_flag_reg/next_state
u_score_18/score_1_reg/next_state
u_score_18/score_1_reg/synch_enable
u_score_18/score_2_reg/next_state
u_score_18/score_2_reg/synch_enable
u_score_18/score_3_reg/next_state
u_score_18/score_3_reg/synch_enable
u_score_18/score_4_reg/next_state
u_score_18/score_4_reg/synch_enable
u_score_18/score_5_reg/next_state
u_score_18/score_5_reg/synch_enable
u_score_18/score_6_reg/next_state
u_score_18/score_6_reg/synch_enable
u_score_18/score_7_reg/next_state
u_score_18/score_7_reg/synch_enable
u_score_18/score_8_reg/next_state
u_score_18/score_8_reg/synch_enable
u_score_18/score_9_reg/next_state
u_score_18/score_9_reg/synch_enable
u_score_18/score_10_reg/next_state
u_score_18/score_10_reg/synch_enable
u_score_18/score_11_reg/next_state
u_score_18/score_11_reg/synch_enable
u_score_18/score_12_reg/next_state
u_score_18/score_12_reg/synch_enable
u_score_18/score_13_reg/next_state
u_score_18/score_13_reg/synch_enable
u_score_18/score_14_reg/next_state
u_score_18/score_14_reg/synch_enable
u_score_18/score_15_reg/next_state
u_score_18/score_15_reg/synch_enable
u_score_18/score_16_reg/next_state
u_score_18/score_16_reg/synch_enable
u_score_18/score_17_reg/next_state
u_score_18/score_17_reg/synch_enable
u_score_18/score_18_reg/next_state
u_score_18/score_18_reg/synch_enable
u_score_18/score_19_reg/next_state
u_score_18/score_19_reg/synch_enable
u_score_18/score_20_reg/next_state
u_score_18/score_20_reg/synch_enable
u_score_18/score_21_reg/next_state
u_score_18/score_21_reg/synch_enable
u_score_18/score_22_reg/next_state
u_score_18/score_22_reg/synch_enable
u_score_18/score_23_reg/next_state
u_score_18/score_23_reg/synch_enable
u_score_18/score_24_reg/next_state
u_score_18/score_24_reg/synch_enable
u_score_18/score_25_reg/next_state
u_score_18/score_25_reg/synch_enable
u_score_18/score_26_reg/next_state
u_score_18/score_26_reg/synch_enable
u_score_18/score_27_reg/next_state
u_score_18/score_27_reg/synch_enable
u_score_18/score_28_reg/next_state
u_score_18/score_28_reg/synch_enable
u_score_18/score_29_reg/next_state
u_score_18/score_29_reg/synch_enable
u_score_18/score_30_reg/next_state
u_score_18/score_30_reg/synch_enable
u_score_18/score_31_reg/next_state
u_score_18/score_31_reg/synch_enable
u_score_18/vld_flag_reg/next_state
u_score_19/score_1_reg/next_state
u_score_19/score_1_reg/synch_enable
u_score_19/score_2_reg/next_state
u_score_19/score_2_reg/synch_enable
u_score_19/score_3_reg/next_state
u_score_19/score_3_reg/synch_enable
u_score_19/score_4_reg/next_state
u_score_19/score_4_reg/synch_enable
u_score_19/score_5_reg/next_state
u_score_19/score_5_reg/synch_enable
u_score_19/score_6_reg/next_state
u_score_19/score_6_reg/synch_enable
u_score_19/score_7_reg/next_state
u_score_19/score_7_reg/synch_enable
u_score_19/score_8_reg/next_state
u_score_19/score_8_reg/synch_enable
u_score_19/score_9_reg/next_state
u_score_19/score_9_reg/synch_enable
u_score_19/score_10_reg/next_state
u_score_19/score_10_reg/synch_enable
u_score_19/score_11_reg/next_state
u_score_19/score_11_reg/synch_enable
u_score_19/score_12_reg/next_state
u_score_19/score_12_reg/synch_enable
u_score_19/score_13_reg/next_state
u_score_19/score_13_reg/synch_enable
u_score_19/score_14_reg/next_state
u_score_19/score_14_reg/synch_enable
u_score_19/score_15_reg/next_state
u_score_19/score_15_reg/synch_enable
u_score_19/score_16_reg/next_state
u_score_19/score_16_reg/synch_enable
u_score_19/score_17_reg/next_state
u_score_19/score_17_reg/synch_enable
u_score_19/score_18_reg/next_state
u_score_19/score_18_reg/synch_enable
u_score_19/score_19_reg/next_state
u_score_19/score_19_reg/synch_enable
u_score_19/score_20_reg/next_state
u_score_19/score_20_reg/synch_enable
u_score_19/score_21_reg/next_state
u_score_19/score_21_reg/synch_enable
u_score_19/score_22_reg/next_state
u_score_19/score_22_reg/synch_enable
u_score_19/score_23_reg/next_state
u_score_19/score_23_reg/synch_enable
u_score_19/score_24_reg/next_state
u_score_19/score_24_reg/synch_enable
u_score_19/score_25_reg/next_state
u_score_19/score_25_reg/synch_enable
u_score_19/score_26_reg/next_state
u_score_19/score_26_reg/synch_enable
u_score_19/score_27_reg/next_state
u_score_19/score_27_reg/synch_enable
u_score_19/score_28_reg/next_state
u_score_19/score_28_reg/synch_enable
u_score_19/score_29_reg/next_state
u_score_19/score_29_reg/synch_enable
u_score_19/score_30_reg/next_state
u_score_19/score_30_reg/synch_enable
u_score_19/score_31_reg/next_state
u_score_19/score_31_reg/synch_enable
u_score_19/vld_flag_reg/next_state
u_score_20/score_1_reg/next_state
u_score_20/score_1_reg/synch_enable
u_score_20/score_2_reg/next_state
u_score_20/score_2_reg/synch_enable
u_score_20/score_3_reg/next_state
u_score_20/score_3_reg/synch_enable
u_score_20/score_4_reg/next_state
u_score_20/score_4_reg/synch_enable
u_score_20/score_5_reg/next_state
u_score_20/score_5_reg/synch_enable
u_score_20/score_6_reg/next_state
u_score_20/score_6_reg/synch_enable
u_score_20/score_7_reg/next_state
u_score_20/score_7_reg/synch_enable
u_score_20/score_8_reg/next_state
u_score_20/score_8_reg/synch_enable
u_score_20/score_9_reg/next_state
u_score_20/score_9_reg/synch_enable
u_score_20/score_10_reg/next_state
u_score_20/score_10_reg/synch_enable
u_score_20/score_11_reg/next_state
u_score_20/score_11_reg/synch_enable
u_score_20/score_12_reg/next_state
u_score_20/score_12_reg/synch_enable
u_score_20/score_13_reg/next_state
u_score_20/score_13_reg/synch_enable
u_score_20/score_14_reg/next_state
u_score_20/score_14_reg/synch_enable
u_score_20/score_15_reg/next_state
u_score_20/score_15_reg/synch_enable
u_score_20/score_16_reg/next_state
u_score_20/score_16_reg/synch_enable
u_score_20/score_17_reg/next_state
u_score_20/score_17_reg/synch_enable
u_score_20/score_18_reg/next_state
u_score_20/score_18_reg/synch_enable
u_score_20/score_19_reg/next_state
u_score_20/score_19_reg/synch_enable
u_score_20/score_20_reg/next_state
u_score_20/score_20_reg/synch_enable
u_score_20/score_21_reg/next_state
u_score_20/score_21_reg/synch_enable
u_score_20/score_22_reg/next_state
u_score_20/score_22_reg/synch_enable
u_score_20/score_23_reg/next_state
u_score_20/score_23_reg/synch_enable
u_score_20/score_24_reg/next_state
u_score_20/score_24_reg/synch_enable
u_score_20/score_25_reg/next_state
u_score_20/score_25_reg/synch_enable
u_score_20/score_26_reg/next_state
u_score_20/score_26_reg/synch_enable
u_score_20/score_27_reg/next_state
u_score_20/score_27_reg/synch_enable
u_score_20/score_28_reg/next_state
u_score_20/score_28_reg/synch_enable
u_score_20/score_29_reg/next_state
u_score_20/score_29_reg/synch_enable
u_score_20/score_30_reg/next_state
u_score_20/score_30_reg/synch_enable
u_score_20/score_31_reg/next_state
u_score_20/score_31_reg/synch_enable
u_score_20/vld_flag_reg/next_state
u_score_21/score_1_reg/next_state
u_score_21/score_1_reg/synch_enable
u_score_21/score_2_reg/next_state
u_score_21/score_2_reg/synch_enable
u_score_21/score_3_reg/next_state
u_score_21/score_3_reg/synch_enable
u_score_21/score_4_reg/next_state
u_score_21/score_4_reg/synch_enable
u_score_21/score_5_reg/next_state
u_score_21/score_5_reg/synch_enable
u_score_21/score_6_reg/next_state
u_score_21/score_6_reg/synch_enable
u_score_21/score_7_reg/next_state
u_score_21/score_7_reg/synch_enable
u_score_21/score_8_reg/next_state
u_score_21/score_8_reg/synch_enable
u_score_21/score_9_reg/next_state
u_score_21/score_9_reg/synch_enable
u_score_21/score_10_reg/next_state
u_score_21/score_10_reg/synch_enable
u_score_21/score_11_reg/next_state
u_score_21/score_11_reg/synch_enable
u_score_21/score_12_reg/next_state
u_score_21/score_12_reg/synch_enable
u_score_21/score_13_reg/next_state
u_score_21/score_13_reg/synch_enable
u_score_21/score_14_reg/next_state
u_score_21/score_14_reg/synch_enable
u_score_21/score_15_reg/next_state
u_score_21/score_15_reg/synch_enable
u_score_21/score_16_reg/next_state
u_score_21/score_16_reg/synch_enable
u_score_21/score_17_reg/next_state
u_score_21/score_17_reg/synch_enable
u_score_21/score_18_reg/next_state
u_score_21/score_18_reg/synch_enable
u_score_21/score_19_reg/next_state
u_score_21/score_19_reg/synch_enable
u_score_21/score_20_reg/next_state
u_score_21/score_20_reg/synch_enable
u_score_21/score_21_reg/next_state
u_score_21/score_21_reg/synch_enable
u_score_21/score_22_reg/next_state
u_score_21/score_22_reg/synch_enable
u_score_21/score_23_reg/next_state
u_score_21/score_23_reg/synch_enable
u_score_21/score_24_reg/next_state
u_score_21/score_24_reg/synch_enable
u_score_21/score_25_reg/next_state
u_score_21/score_25_reg/synch_enable
u_score_21/score_26_reg/next_state
u_score_21/score_26_reg/synch_enable
u_score_21/score_27_reg/next_state
u_score_21/score_27_reg/synch_enable
u_score_21/score_28_reg/next_state
u_score_21/score_28_reg/synch_enable
u_score_21/score_29_reg/next_state
u_score_21/score_29_reg/synch_enable
u_score_21/score_30_reg/next_state
u_score_21/score_30_reg/synch_enable
u_score_21/score_31_reg/next_state
u_score_21/score_31_reg/synch_enable
u_score_21/vld_flag_reg/next_state
u_score_22/score_1_reg/next_state
u_score_22/score_1_reg/synch_enable
u_score_22/score_2_reg/next_state
u_score_22/score_2_reg/synch_enable
u_score_22/score_3_reg/next_state
u_score_22/score_3_reg/synch_enable
u_score_22/score_4_reg/next_state
u_score_22/score_4_reg/synch_enable
u_score_22/score_5_reg/next_state
u_score_22/score_5_reg/synch_enable
u_score_22/score_6_reg/next_state
u_score_22/score_6_reg/synch_enable
u_score_22/score_7_reg/next_state
u_score_22/score_7_reg/synch_enable
u_score_22/score_8_reg/next_state
u_score_22/score_8_reg/synch_enable
u_score_22/score_9_reg/next_state
u_score_22/score_9_reg/synch_enable
u_score_22/score_10_reg/next_state
u_score_22/score_10_reg/synch_enable
u_score_22/score_11_reg/next_state
u_score_22/score_11_reg/synch_enable
u_score_22/score_12_reg/next_state
u_score_22/score_12_reg/synch_enable
u_score_22/score_13_reg/next_state
u_score_22/score_13_reg/synch_enable
u_score_22/score_14_reg/next_state
u_score_22/score_14_reg/synch_enable
u_score_22/score_15_reg/next_state
u_score_22/score_15_reg/synch_enable
u_score_22/score_16_reg/next_state
u_score_22/score_16_reg/synch_enable
u_score_22/score_17_reg/next_state
u_score_22/score_17_reg/synch_enable
u_score_22/score_18_reg/next_state
u_score_22/score_18_reg/synch_enable
u_score_22/score_19_reg/next_state
u_score_22/score_19_reg/synch_enable
u_score_22/score_20_reg/next_state
u_score_22/score_20_reg/synch_enable
u_score_22/score_21_reg/next_state
u_score_22/score_21_reg/synch_enable
u_score_22/score_22_reg/next_state
u_score_22/score_22_reg/synch_enable
u_score_22/score_23_reg/next_state
u_score_22/score_23_reg/synch_enable
u_score_22/score_24_reg/next_state
u_score_22/score_24_reg/synch_enable
u_score_22/score_25_reg/next_state
u_score_22/score_25_reg/synch_enable
u_score_22/score_26_reg/next_state
u_score_22/score_26_reg/synch_enable
u_score_22/score_27_reg/next_state
u_score_22/score_27_reg/synch_enable
u_score_22/score_28_reg/next_state
u_score_22/score_28_reg/synch_enable
u_score_22/score_29_reg/next_state
u_score_22/score_29_reg/synch_enable
u_score_22/score_30_reg/next_state
u_score_22/score_30_reg/synch_enable
u_score_22/score_31_reg/next_state
u_score_22/score_31_reg/synch_enable
u_score_22/vld_flag_reg/next_state
u_score_23/score_1_reg/next_state
u_score_23/score_1_reg/synch_enable
u_score_23/score_2_reg/next_state
u_score_23/score_2_reg/synch_enable
u_score_23/score_3_reg/next_state
u_score_23/score_3_reg/synch_enable
u_score_23/score_4_reg/next_state
u_score_23/score_4_reg/synch_enable
u_score_23/score_5_reg/next_state
u_score_23/score_5_reg/synch_enable
u_score_23/score_6_reg/next_state
u_score_23/score_6_reg/synch_enable
u_score_23/score_7_reg/next_state
u_score_23/score_7_reg/synch_enable
u_score_23/score_8_reg/next_state
u_score_23/score_8_reg/synch_enable
u_score_23/score_9_reg/next_state
u_score_23/score_9_reg/synch_enable
u_score_23/score_10_reg/next_state
u_score_23/score_10_reg/synch_enable
u_score_23/score_11_reg/next_state
u_score_23/score_11_reg/synch_enable
u_score_23/score_12_reg/next_state
u_score_23/score_12_reg/synch_enable
u_score_23/score_13_reg/next_state
u_score_23/score_13_reg/synch_enable
u_score_23/score_14_reg/next_state
u_score_23/score_14_reg/synch_enable
u_score_23/score_15_reg/next_state
u_score_23/score_15_reg/synch_enable
u_score_23/score_16_reg/next_state
u_score_23/score_16_reg/synch_enable
u_score_23/score_17_reg/next_state
u_score_23/score_17_reg/synch_enable
u_score_23/score_18_reg/next_state
u_score_23/score_18_reg/synch_enable
u_score_23/score_19_reg/next_state
u_score_23/score_19_reg/synch_enable
u_score_23/score_20_reg/next_state
u_score_23/score_20_reg/synch_enable
u_score_23/score_21_reg/next_state
u_score_23/score_21_reg/synch_enable
u_score_23/score_22_reg/next_state
u_score_23/score_22_reg/synch_enable
u_score_23/score_23_reg/next_state
u_score_23/score_23_reg/synch_enable
u_score_23/score_24_reg/next_state
u_score_23/score_24_reg/synch_enable
u_score_23/score_25_reg/next_state
u_score_23/score_25_reg/synch_enable
u_score_23/score_26_reg/next_state
u_score_23/score_26_reg/synch_enable
u_score_23/score_27_reg/next_state
u_score_23/score_27_reg/synch_enable
u_score_23/score_28_reg/next_state
u_score_23/score_28_reg/synch_enable
u_score_23/score_29_reg/next_state
u_score_23/score_29_reg/synch_enable
u_score_23/score_30_reg/next_state
u_score_23/score_30_reg/synch_enable
u_score_23/score_31_reg/next_state
u_score_23/score_31_reg/synch_enable
u_score_23/vld_flag_reg/next_state
u_score_24/score_1_reg/next_state
u_score_24/score_1_reg/synch_enable
u_score_24/score_2_reg/next_state
u_score_24/score_2_reg/synch_enable
u_score_24/score_3_reg/next_state
u_score_24/score_3_reg/synch_enable
u_score_24/score_4_reg/next_state
u_score_24/score_4_reg/synch_enable
u_score_24/score_5_reg/next_state
u_score_24/score_5_reg/synch_enable
u_score_24/score_6_reg/next_state
u_score_24/score_6_reg/synch_enable
u_score_24/score_7_reg/next_state
u_score_24/score_7_reg/synch_enable
u_score_24/score_8_reg/next_state
u_score_24/score_8_reg/synch_enable
u_score_24/score_9_reg/next_state
u_score_24/score_9_reg/synch_enable
u_score_24/score_10_reg/next_state
u_score_24/score_10_reg/synch_enable
u_score_24/score_11_reg/next_state
u_score_24/score_11_reg/synch_enable
u_score_24/score_12_reg/next_state
u_score_24/score_12_reg/synch_enable
u_score_24/score_13_reg/next_state
u_score_24/score_13_reg/synch_enable
u_score_24/score_14_reg/next_state
u_score_24/score_14_reg/synch_enable
u_score_24/score_15_reg/next_state
u_score_24/score_15_reg/synch_enable
u_score_24/score_16_reg/next_state
u_score_24/score_16_reg/synch_enable
u_score_24/score_17_reg/next_state
u_score_24/score_17_reg/synch_enable
u_score_24/score_18_reg/next_state
u_score_24/score_18_reg/synch_enable
u_score_24/score_19_reg/next_state
u_score_24/score_19_reg/synch_enable
u_score_24/score_20_reg/next_state
u_score_24/score_20_reg/synch_enable
u_score_24/score_21_reg/next_state
u_score_24/score_21_reg/synch_enable
u_score_24/score_22_reg/next_state
u_score_24/score_22_reg/synch_enable
u_score_24/score_23_reg/next_state
u_score_24/score_23_reg/synch_enable
u_score_24/score_24_reg/next_state
u_score_24/score_24_reg/synch_enable
u_score_24/score_25_reg/next_state
u_score_24/score_25_reg/synch_enable
u_score_24/score_26_reg/next_state
u_score_24/score_26_reg/synch_enable
u_score_24/score_27_reg/next_state
u_score_24/score_27_reg/synch_enable
u_score_24/score_28_reg/next_state
u_score_24/score_28_reg/synch_enable
u_score_24/score_29_reg/next_state
u_score_24/score_29_reg/synch_enable
u_score_24/score_30_reg/next_state
u_score_24/score_30_reg/synch_enable
u_score_24/score_31_reg/next_state
u_score_24/score_31_reg/synch_enable
u_score_24/vld_flag_reg/next_state
u_score_25/score_1_reg/next_state
u_score_25/score_1_reg/synch_enable
u_score_25/score_2_reg/next_state
u_score_25/score_2_reg/synch_enable
u_score_25/score_3_reg/next_state
u_score_25/score_3_reg/synch_enable
u_score_25/score_4_reg/next_state
u_score_25/score_4_reg/synch_enable
u_score_25/score_5_reg/next_state
u_score_25/score_5_reg/synch_enable
u_score_25/score_6_reg/next_state
u_score_25/score_6_reg/synch_enable
u_score_25/score_7_reg/next_state
u_score_25/score_7_reg/synch_enable
u_score_25/score_8_reg/next_state
u_score_25/score_8_reg/synch_enable
u_score_25/score_9_reg/next_state
u_score_25/score_9_reg/synch_enable
u_score_25/score_10_reg/next_state
u_score_25/score_10_reg/synch_enable
u_score_25/score_11_reg/next_state
u_score_25/score_11_reg/synch_enable
u_score_25/score_12_reg/next_state
u_score_25/score_12_reg/synch_enable
u_score_25/score_13_reg/next_state
u_score_25/score_13_reg/synch_enable
u_score_25/score_14_reg/next_state
u_score_25/score_14_reg/synch_enable
u_score_25/score_15_reg/next_state
u_score_25/score_15_reg/synch_enable
u_score_25/score_16_reg/next_state
u_score_25/score_16_reg/synch_enable
u_score_25/score_17_reg/next_state
u_score_25/score_17_reg/synch_enable
u_score_25/score_18_reg/next_state
u_score_25/score_18_reg/synch_enable
u_score_25/score_19_reg/next_state
u_score_25/score_19_reg/synch_enable
u_score_25/score_20_reg/next_state
u_score_25/score_20_reg/synch_enable
u_score_25/score_21_reg/next_state
u_score_25/score_21_reg/synch_enable
u_score_25/score_22_reg/next_state
u_score_25/score_22_reg/synch_enable
u_score_25/score_23_reg/next_state
u_score_25/score_23_reg/synch_enable
u_score_25/score_24_reg/next_state
u_score_25/score_24_reg/synch_enable
u_score_25/score_25_reg/next_state
u_score_25/score_25_reg/synch_enable
u_score_25/score_26_reg/next_state
u_score_25/score_26_reg/synch_enable
u_score_25/score_27_reg/next_state
u_score_25/score_27_reg/synch_enable
u_score_25/score_28_reg/next_state
u_score_25/score_28_reg/synch_enable
u_score_25/score_29_reg/next_state
u_score_25/score_29_reg/synch_enable
u_score_25/score_30_reg/next_state
u_score_25/score_30_reg/synch_enable
u_score_25/score_31_reg/next_state
u_score_25/score_31_reg/synch_enable
u_score_25/vld_flag_reg/next_state
u_score_26/score_1_reg/next_state
u_score_26/score_1_reg/synch_enable
u_score_26/score_2_reg/next_state
u_score_26/score_2_reg/synch_enable
u_score_26/score_3_reg/next_state
u_score_26/score_3_reg/synch_enable
u_score_26/score_4_reg/next_state
u_score_26/score_4_reg/synch_enable
u_score_26/score_5_reg/next_state
u_score_26/score_5_reg/synch_enable
u_score_26/score_6_reg/next_state
u_score_26/score_6_reg/synch_enable
u_score_26/score_7_reg/next_state
u_score_26/score_7_reg/synch_enable
u_score_26/score_8_reg/next_state
u_score_26/score_8_reg/synch_enable
u_score_26/score_9_reg/next_state
u_score_26/score_9_reg/synch_enable
u_score_26/score_10_reg/next_state
u_score_26/score_10_reg/synch_enable
u_score_26/score_11_reg/next_state
u_score_26/score_11_reg/synch_enable
u_score_26/score_12_reg/next_state
u_score_26/score_12_reg/synch_enable
u_score_26/score_13_reg/next_state
u_score_26/score_13_reg/synch_enable
u_score_26/score_14_reg/next_state
u_score_26/score_14_reg/synch_enable
u_score_26/score_15_reg/next_state
u_score_26/score_15_reg/synch_enable
u_score_26/score_16_reg/next_state
u_score_26/score_16_reg/synch_enable
u_score_26/score_17_reg/next_state
u_score_26/score_17_reg/synch_enable
u_score_26/score_18_reg/next_state
u_score_26/score_18_reg/synch_enable
u_score_26/score_19_reg/next_state
u_score_26/score_19_reg/synch_enable
u_score_26/score_20_reg/next_state
u_score_26/score_20_reg/synch_enable
u_score_26/score_21_reg/next_state
u_score_26/score_21_reg/synch_enable
u_score_26/score_22_reg/next_state
u_score_26/score_22_reg/synch_enable
u_score_26/score_23_reg/next_state
u_score_26/score_23_reg/synch_enable
u_score_26/score_24_reg/next_state
u_score_26/score_24_reg/synch_enable
u_score_26/score_25_reg/next_state
u_score_26/score_25_reg/synch_enable
u_score_26/score_26_reg/next_state
u_score_26/score_26_reg/synch_enable
u_score_26/score_27_reg/next_state
u_score_26/score_27_reg/synch_enable
u_score_26/score_28_reg/next_state
u_score_26/score_28_reg/synch_enable
u_score_26/score_29_reg/next_state
u_score_26/score_29_reg/synch_enable
u_score_26/score_30_reg/next_state
u_score_26/score_30_reg/synch_enable
u_score_26/score_31_reg/next_state
u_score_26/score_31_reg/synch_enable
u_score_26/vld_flag_reg/next_state
u_score_27/score_1_reg/next_state
u_score_27/score_1_reg/synch_enable
u_score_27/score_2_reg/next_state
u_score_27/score_2_reg/synch_enable
u_score_27/score_3_reg/next_state
u_score_27/score_3_reg/synch_enable
u_score_27/score_4_reg/next_state
u_score_27/score_4_reg/synch_enable
u_score_27/score_5_reg/next_state
u_score_27/score_5_reg/synch_enable
u_score_27/score_6_reg/next_state
u_score_27/score_6_reg/synch_enable
u_score_27/score_7_reg/next_state
u_score_27/score_7_reg/synch_enable
u_score_27/score_8_reg/next_state
u_score_27/score_8_reg/synch_enable
u_score_27/score_9_reg/next_state
u_score_27/score_9_reg/synch_enable
u_score_27/score_10_reg/next_state
u_score_27/score_10_reg/synch_enable
u_score_27/score_11_reg/next_state
u_score_27/score_11_reg/synch_enable
u_score_27/score_12_reg/next_state
u_score_27/score_12_reg/synch_enable
u_score_27/score_13_reg/next_state
u_score_27/score_13_reg/synch_enable
u_score_27/score_14_reg/next_state
u_score_27/score_14_reg/synch_enable
u_score_27/score_15_reg/next_state
u_score_27/score_15_reg/synch_enable
u_score_27/score_16_reg/next_state
u_score_27/score_16_reg/synch_enable
u_score_27/score_17_reg/next_state
u_score_27/score_17_reg/synch_enable
u_score_27/score_18_reg/next_state
u_score_27/score_18_reg/synch_enable
u_score_27/score_19_reg/next_state
u_score_27/score_19_reg/synch_enable
u_score_27/score_20_reg/next_state
u_score_27/score_20_reg/synch_enable
u_score_27/score_21_reg/next_state
u_score_27/score_21_reg/synch_enable
u_score_27/score_22_reg/next_state
u_score_27/score_22_reg/synch_enable
u_score_27/score_23_reg/next_state
u_score_27/score_23_reg/synch_enable
u_score_27/score_24_reg/next_state
u_score_27/score_24_reg/synch_enable
u_score_27/score_25_reg/next_state
u_score_27/score_25_reg/synch_enable
u_score_27/score_26_reg/next_state
u_score_27/score_26_reg/synch_enable
u_score_27/score_27_reg/next_state
u_score_27/score_27_reg/synch_enable
u_score_27/score_28_reg/next_state
u_score_27/score_28_reg/synch_enable
u_score_27/score_29_reg/next_state
u_score_27/score_29_reg/synch_enable
u_score_27/score_30_reg/next_state
u_score_27/score_30_reg/synch_enable
u_score_27/score_31_reg/next_state
u_score_27/score_31_reg/synch_enable
u_score_27/vld_flag_reg/next_state
u_score_28/score_1_reg/next_state
u_score_28/score_1_reg/synch_enable
u_score_28/score_2_reg/next_state
u_score_28/score_2_reg/synch_enable
u_score_28/score_3_reg/next_state
u_score_28/score_3_reg/synch_enable
u_score_28/score_4_reg/next_state
u_score_28/score_4_reg/synch_enable
u_score_28/score_5_reg/next_state
u_score_28/score_5_reg/synch_enable
u_score_28/score_6_reg/next_state
u_score_28/score_6_reg/synch_enable
u_score_28/score_7_reg/next_state
u_score_28/score_7_reg/synch_enable
u_score_28/score_8_reg/next_state
u_score_28/score_8_reg/synch_enable
u_score_28/score_9_reg/next_state
u_score_28/score_9_reg/synch_enable
u_score_28/score_10_reg/next_state
u_score_28/score_10_reg/synch_enable
u_score_28/score_11_reg/next_state
u_score_28/score_11_reg/synch_enable
u_score_28/score_12_reg/next_state
u_score_28/score_12_reg/synch_enable
u_score_28/score_13_reg/next_state
u_score_28/score_13_reg/synch_enable
u_score_28/score_14_reg/next_state
u_score_28/score_14_reg/synch_enable
u_score_28/score_15_reg/next_state
u_score_28/score_15_reg/synch_enable
u_score_28/score_16_reg/next_state
u_score_28/score_16_reg/synch_enable
u_score_28/score_17_reg/next_state
u_score_28/score_17_reg/synch_enable
u_score_28/score_18_reg/next_state
u_score_28/score_18_reg/synch_enable
u_score_28/score_19_reg/next_state
u_score_28/score_19_reg/synch_enable
u_score_28/score_20_reg/next_state
u_score_28/score_20_reg/synch_enable
u_score_28/score_21_reg/next_state
u_score_28/score_21_reg/synch_enable
u_score_28/score_22_reg/next_state
u_score_28/score_22_reg/synch_enable
u_score_28/score_23_reg/next_state
u_score_28/score_23_reg/synch_enable
u_score_28/score_24_reg/next_state
u_score_28/score_24_reg/synch_enable
u_score_28/score_25_reg/next_state
u_score_28/score_25_reg/synch_enable
u_score_28/score_26_reg/next_state
u_score_28/score_26_reg/synch_enable
u_score_28/score_27_reg/next_state
u_score_28/score_27_reg/synch_enable
u_score_28/score_28_reg/next_state
u_score_28/score_28_reg/synch_enable
u_score_28/score_29_reg/next_state
u_score_28/score_29_reg/synch_enable
u_score_28/score_30_reg/next_state
u_score_28/score_30_reg/synch_enable
u_score_28/score_31_reg/next_state
u_score_28/score_31_reg/synch_enable
u_score_28/vld_flag_reg/next_state
u_score_29/score_1_reg/next_state
u_score_29/score_1_reg/synch_enable
u_score_29/score_2_reg/next_state
u_score_29/score_2_reg/synch_enable
u_score_29/score_3_reg/next_state
u_score_29/score_3_reg/synch_enable
u_score_29/score_4_reg/next_state
u_score_29/score_4_reg/synch_enable
u_score_29/score_5_reg/next_state
u_score_29/score_5_reg/synch_enable
u_score_29/score_6_reg/next_state
u_score_29/score_6_reg/synch_enable
u_score_29/score_7_reg/next_state
u_score_29/score_7_reg/synch_enable
u_score_29/score_8_reg/next_state
u_score_29/score_8_reg/synch_enable
u_score_29/score_9_reg/next_state
u_score_29/score_9_reg/synch_enable
u_score_29/score_10_reg/next_state
u_score_29/score_10_reg/synch_enable
u_score_29/score_11_reg/next_state
u_score_29/score_11_reg/synch_enable
u_score_29/score_12_reg/next_state
u_score_29/score_12_reg/synch_enable
u_score_29/score_13_reg/next_state
u_score_29/score_13_reg/synch_enable
u_score_29/score_14_reg/next_state
u_score_29/score_14_reg/synch_enable
u_score_29/score_15_reg/next_state
u_score_29/score_15_reg/synch_enable
u_score_29/score_16_reg/next_state
u_score_29/score_16_reg/synch_enable
u_score_29/score_17_reg/next_state
u_score_29/score_17_reg/synch_enable
u_score_29/score_18_reg/next_state
u_score_29/score_18_reg/synch_enable
u_score_29/score_19_reg/next_state
u_score_29/score_19_reg/synch_enable
u_score_29/score_20_reg/next_state
u_score_29/score_20_reg/synch_enable
u_score_29/score_21_reg/next_state
u_score_29/score_21_reg/synch_enable
u_score_29/score_22_reg/next_state
u_score_29/score_22_reg/synch_enable
u_score_29/score_23_reg/next_state
u_score_29/score_23_reg/synch_enable
u_score_29/score_24_reg/next_state
u_score_29/score_24_reg/synch_enable
u_score_29/score_25_reg/next_state
u_score_29/score_25_reg/synch_enable
u_score_29/score_26_reg/next_state
u_score_29/score_26_reg/synch_enable
u_score_29/score_27_reg/next_state
u_score_29/score_27_reg/synch_enable
u_score_29/score_28_reg/next_state
u_score_29/score_28_reg/synch_enable
u_score_29/score_29_reg/next_state
u_score_29/score_29_reg/synch_enable
u_score_29/score_30_reg/next_state
u_score_29/score_30_reg/synch_enable
u_score_29/score_31_reg/next_state
u_score_29/score_31_reg/synch_enable
u_score_29/vld_flag_reg/next_state
u_score_30/score_1_reg/next_state
u_score_30/score_1_reg/synch_enable
u_score_30/score_2_reg/next_state
u_score_30/score_2_reg/synch_enable
u_score_30/score_3_reg/next_state
u_score_30/score_3_reg/synch_enable
u_score_30/score_4_reg/next_state
u_score_30/score_4_reg/synch_enable
u_score_30/score_5_reg/next_state
u_score_30/score_5_reg/synch_enable
u_score_30/score_6_reg/next_state
u_score_30/score_6_reg/synch_enable
u_score_30/score_7_reg/next_state
u_score_30/score_7_reg/synch_enable
u_score_30/score_8_reg/next_state
u_score_30/score_8_reg/synch_enable
u_score_30/score_9_reg/next_state
u_score_30/score_9_reg/synch_enable
u_score_30/score_10_reg/next_state
u_score_30/score_10_reg/synch_enable
u_score_30/score_11_reg/next_state
u_score_30/score_11_reg/synch_enable
u_score_30/score_12_reg/next_state
u_score_30/score_12_reg/synch_enable
u_score_30/score_13_reg/next_state
u_score_30/score_13_reg/synch_enable
u_score_30/score_14_reg/next_state
u_score_30/score_14_reg/synch_enable
u_score_30/score_15_reg/next_state
u_score_30/score_15_reg/synch_enable
u_score_30/score_16_reg/next_state
u_score_30/score_16_reg/synch_enable
u_score_30/score_17_reg/next_state
u_score_30/score_17_reg/synch_enable
u_score_30/score_18_reg/next_state
u_score_30/score_18_reg/synch_enable
u_score_30/score_19_reg/next_state
u_score_30/score_19_reg/synch_enable
u_score_30/score_20_reg/next_state
u_score_30/score_20_reg/synch_enable
u_score_30/score_21_reg/next_state
u_score_30/score_21_reg/synch_enable
u_score_30/score_22_reg/next_state
u_score_30/score_22_reg/synch_enable
u_score_30/score_23_reg/next_state
u_score_30/score_23_reg/synch_enable
u_score_30/score_24_reg/next_state
u_score_30/score_24_reg/synch_enable
u_score_30/score_25_reg/next_state
u_score_30/score_25_reg/synch_enable
u_score_30/score_26_reg/next_state
u_score_30/score_26_reg/synch_enable
u_score_30/score_27_reg/next_state
u_score_30/score_27_reg/synch_enable
u_score_30/score_28_reg/next_state
u_score_30/score_28_reg/synch_enable
u_score_30/score_29_reg/next_state
u_score_30/score_29_reg/synch_enable
u_score_30/score_30_reg/next_state
u_score_30/score_30_reg/synch_enable
u_score_30/score_31_reg/next_state
u_score_30/score_31_reg/synch_enable
u_score_30/vld_flag_reg/next_state
u_score_31/score_1_reg/next_state
u_score_31/score_1_reg/synch_enable
u_score_31/score_2_reg/next_state
u_score_31/score_2_reg/synch_enable
u_score_31/score_3_reg/next_state
u_score_31/score_3_reg/synch_enable
u_score_31/score_4_reg/next_state
u_score_31/score_4_reg/synch_enable
u_score_31/score_5_reg/next_state
u_score_31/score_5_reg/synch_enable
u_score_31/score_6_reg/next_state
u_score_31/score_6_reg/synch_enable
u_score_31/score_7_reg/next_state
u_score_31/score_7_reg/synch_enable
u_score_31/score_8_reg/next_state
u_score_31/score_8_reg/synch_enable
u_score_31/score_9_reg/next_state
u_score_31/score_9_reg/synch_enable
u_score_31/score_10_reg/next_state
u_score_31/score_10_reg/synch_enable
u_score_31/score_11_reg/next_state
u_score_31/score_11_reg/synch_enable
u_score_31/score_12_reg/next_state
u_score_31/score_12_reg/synch_enable
u_score_31/score_13_reg/next_state
u_score_31/score_13_reg/synch_enable
u_score_31/score_14_reg/next_state
u_score_31/score_14_reg/synch_enable
u_score_31/score_15_reg/next_state
u_score_31/score_15_reg/synch_enable
u_score_31/score_16_reg/next_state
u_score_31/score_16_reg/synch_enable
u_score_31/score_17_reg/next_state
u_score_31/score_17_reg/synch_enable
u_score_31/score_18_reg/next_state
u_score_31/score_18_reg/synch_enable
u_score_31/score_19_reg/next_state
u_score_31/score_19_reg/synch_enable
u_score_31/score_20_reg/next_state
u_score_31/score_20_reg/synch_enable
u_score_31/score_21_reg/next_state
u_score_31/score_21_reg/synch_enable
u_score_31/score_22_reg/next_state
u_score_31/score_22_reg/synch_enable
u_score_31/score_23_reg/next_state
u_score_31/score_23_reg/synch_enable
u_score_31/score_24_reg/next_state
u_score_31/score_24_reg/synch_enable
u_score_31/score_25_reg/next_state
u_score_31/score_25_reg/synch_enable
u_score_31/score_26_reg/next_state
u_score_31/score_26_reg/synch_enable
u_score_31/score_27_reg/next_state
u_score_31/score_27_reg/synch_enable
u_score_31/score_28_reg/next_state
u_score_31/score_28_reg/synch_enable
u_score_31/score_29_reg/next_state
u_score_31/score_29_reg/synch_enable
u_score_31/score_30_reg/next_state
u_score_31/score_30_reg/synch_enable
u_score_31/score_31_reg/next_state
u_score_31/score_31_reg/synch_enable
u_score_31/vld_flag_reg/next_state
vld_out

Information: Checking pulse_clock_cell_type...

Information: Checking no_driving_cell...

Information: Checking partial_input_delay...
1
