
Information: Checking generated_clocks...

Information: Checking loops...

Information: Checking no_input_delay...
Warning: The following input ports have no clock_relative delay specified, the command set_input_delay without -clock option will be ignored. (TIM-216)
--------------------
cs_n
w_en
addr[3]
addr[2]
addr[1]
addr[0]
din[7]
din[6]
din[5]
din[4]
din[3]
din[2]
din[1]
din[0]

Information: Checking unconstrained_endpoints...

Warning: The following end-points are not constrained for maximum delay.

End point
---------------
dout[0]
dout[1]
dout[2]
dout[3]
dout[4]
dout[5]
dout[6]
dout[7]

Information: Checking pulse_clock_cell_type...

Information: Checking no_driving_cell...

Information: Checking partial_input_delay...
1
