Loading db file '/home/ICer/library/typical.db'
Information: Propagating switching activity (low effort zero delay simulation). (PWR-6)
Warning: Design has unannotated primary inputs. (PWR-414)
Warning: Design has unannotated sequential cell outputs. (PWR-415)
 
****************************************
Report : power
        -analysis_effort low
Design : sram
Version: O-2018.06-SP1
Date   : Thu Jan  4 00:00:39 2024
****************************************


Library(s) Used:

    typical (File: /home/ICer/library/typical.db)


Operating Conditions: typical   Library: typical
Wire Load Model Mode: top


Global Operating Voltage = 1.2  
Power-specific unit information :
    Voltage Units = 1V
    Capacitance Units = 1.000000pf
    Time Units = 1ns
    Dynamic Power Units = 1mW    (derived from V,C,T units)
    Leakage Power Units = 1pW


  Cell Internal Power  =  25.0196 uW   (82%)
  Net Switching Power  =   5.4422 uW   (18%)
                         ---------
Total Dynamic Power    =  30.4618 uW  (100%)

Cell Leakage Power     =   1.4028 uW


                 Internal         Switching           Leakage            Total
Power Group      Power            Power               Power              Power   (   %    )  Attrs
--------------------------------------------------------------------------------------------------
io_pad             0.0000            0.0000            0.0000            0.0000  (   0.00%)
memory             0.0000            0.0000            0.0000            0.0000  (   0.00%)
black_box          0.0000            0.0000            0.0000            0.0000  (   0.00%)
clock_network      0.0000            0.0000            0.0000            0.0000  (   0.00%)
register       2.4705e-02        1.2699e-04        1.1935e+06        2.6025e-02  (  81.67%)
sequential         0.0000            0.0000            0.0000            0.0000  (   0.00%)
combinational  3.1499e-04        5.3152e-03        2.0932e+05        5.8395e-03  (  18.33%)
--------------------------------------------------------------------------------------------------
Total          2.5020e-02 mW     5.4422e-03 mW     1.4028e+06 pW     3.1865e-02 mW
1
