Information: Updating graph... (UID-83)
Information: Updating design information... (UID-85)

Information: Checking generated_clocks...

Information: Checking loops...

Information: Checking no_input_delay...

Information: Checking unconstrained_endpoints...

Warning: The following end-points are not constrained for maximum delay.

End point
---------------
data_out[0]
data_out[1]
data_out[2]
data_out[3]
data_out[4]
data_out[5]
data_out[6]
data_out[7]
data_out[8]
data_out[9]
data_out[10]
data_out[11]
data_out[12]
data_out[13]
data_out[14]
data_out[15]
data_out[16]
data_out[17]
data_out[18]
data_out[19]
data_out[20]
data_out[21]
data_out[22]
data_out[23]
data_out[24]
data_out[25]
data_out[26]
data_out[27]
data_out[28]
data_out[29]
data_out[30]
data_out[31]

Information: Checking pulse_clock_cell_type...

Information: Checking no_driving_cell...

Information: Checking partial_input_delay...
1
