#! /usr/local/bin/vvp
:ivl_version "12.0 (devel)" "(s20150603-1120-gd8cb29f)";
:ivl_delay_selection "TYPICAL";
:vpi_time_precision + 0;
:vpi_module "/usr/local/lib/ivl/system.vpi";
:vpi_module "/usr/local/lib/ivl/vhdl_sys.vpi";
:vpi_module "/usr/local/lib/ivl/vhdl_textio.vpi";
:vpi_module "/usr/local/lib/ivl/v2005_math.vpi";
:vpi_module "/usr/local/lib/ivl/va_math.vpi";
S_0x181d230 .scope module, "counter" "counter" 2 16;
 .timescale 0 0;
    .port_info 0 /INPUT 1 "clk";
    .port_info 1 /INPUT 1 "rst_n";
    .port_info 2 /INPUT 1 "clear";
    .port_info 3 /OUTPUT 4 "count";
    .port_info 4 /OUTPUT 1 "full";
P_0x1830000 .param/l "COUNT" 0 2 17, +C4<00000000000000000000000000001001>;
L_0x1842d60 .functor BUFZ 4, v0x1842950_0, C4<0000>, C4<0000>, C4<0000>;
L_0x1842e20 .functor BUFZ 1, v0x1842b40_0, C4<0>, C4<0>, C4<0>;
o0x7f5f54b75018 .functor BUFZ 1, C4<z>; HiZ drive
v0x1830480_0 .net "clear", 0 0, o0x7f5f54b75018;  0 drivers
o0x7f5f54b75048 .functor BUFZ 1, C4<z>; HiZ drive
v0x18427b0_0 .net "clk", 0 0, o0x7f5f54b75048;  0 drivers
v0x1842890_0 .net "count", 3 0, L_0x1842d60;  1 drivers
v0x1842950_0 .var "count_reg", 3 0;
v0x1842a30_0 .net "full", 0 0, L_0x1842e20;  1 drivers
v0x1842b40_0 .var "full_reg", 0 0;
o0x7f5f54b75138 .functor BUFZ 1, C4<z>; HiZ drive
v0x1842c00_0 .net "rst_n", 0 0, o0x7f5f54b75138;  0 drivers
E_0x1830ac0/0 .event negedge, v0x1842c00_0;
E_0x1830ac0/1 .event posedge, v0x18427b0_0;
E_0x1830ac0 .event/or E_0x1830ac0/0, E_0x1830ac0/1;
    .scope S_0x181d230;
T_0 ;
    %wait E_0x1830ac0;
    %load/vec4 v0x1842c00_0;
    %nor/r;
    %flag_set/vec4 8;
    %jmp/0xz  T_0.0, 8;
    %pushi/vec4 0, 0, 4;
    %assign/vec4 v0x1842950_0, 0;
    %pushi/vec4 0, 0, 1;
    %assign/vec4 v0x1842b40_0, 0;
    %jmp T_0.1;
T_0.0 ;
    %load/vec4 v0x1830480_0;
    %flag_set/vec4 8;
    %jmp/0xz  T_0.2, 8;
    %pushi/vec4 0, 0, 4;
    %assign/vec4 v0x1842950_0, 0;
    %pushi/vec4 0, 0, 1;
    %assign/vec4 v0x1842b40_0, 0;
    %jmp T_0.3;
T_0.2 ;
    %load/vec4 v0x1842950_0;
    %pad/u 32;
    %cmpi/e 9, 0, 32;
    %jmp/0xz  T_0.4, 4;
    %pushi/vec4 0, 0, 4;
    %assign/vec4 v0x1842950_0, 0;
    %pushi/vec4 1, 0, 1;
    %assign/vec4 v0x1842b40_0, 0;
    %jmp T_0.5;
T_0.4 ;
    %load/vec4 v0x1842950_0;
    %addi 1, 0, 4;
    %assign/vec4 v0x1842950_0, 0;
    %pushi/vec4 0, 0, 1;
    %assign/vec4 v0x1842b40_0, 0;
T_0.5 ;
T_0.3 ;
T_0.1 ;
    %jmp T_0;
    .thread T_0;
# The file index is used to find the file name in the following table.
:file_names 3;
    "N/A";
    "<interactive>";
    "counter.v";
